0 info it worked if it ends with ok
1 verbose cli [ 'c:\\Program Files\\nodejs\\node.exe',
1 verbose cli   'c:\\Program Files\\nodejs\\node_modules\\npm\\bin\\npm-cli.js',
1 verbose cli   'install',
1 verbose cli   '-g',
1 verbose cli   'grunt-cli' ]
2 info using npm@3.8.6
3 info using node@v4.3.1
4 silly loadCurrentTree Starting
5 silly install loadCurrentTree
6 silly install readGlobalPackageData
7 silly fetchPackageMetaData grunt-cli
8 silly fetchNamedPackageData grunt-cli
9 silly mapToRegistry name grunt-cli
10 silly mapToRegistry using default registry
11 silly mapToRegistry registry https://registry.npmjs.org/
12 silly mapToRegistry data Result {
12 silly mapToRegistry   raw: 'grunt-cli',
12 silly mapToRegistry   scope: null,
12 silly mapToRegistry   name: 'grunt-cli',
12 silly mapToRegistry   rawSpec: '',
12 silly mapToRegistry   spec: 'latest',
12 silly mapToRegistry   type: 'tag' }
13 silly mapToRegistry uri https://registry.npmjs.org/grunt-cli
14 verbose request uri https://registry.npmjs.org/grunt-cli
15 verbose request no auth needed
16 info attempt registry request try #1 at 10:46:34
17 verbose request id 5c6c9cc09b01371d
18 http request GET https://registry.npmjs.org/grunt-cli
19 http 200 https://registry.npmjs.org/grunt-cli
20 verbose headers { server: 'CouchDB/1.5.0 (Erlang OTP/R16B03)',
20 verbose headers   etag: '"5S4MAT7BBHQAYFBG3C932JB4B"',
20 verbose headers   'content-type': 'application/json',
20 verbose headers   'content-encoding': 'gzip',
20 verbose headers   'cache-control': 'max-age=300',
20 verbose headers   'content-length': '5864',
20 verbose headers   'accept-ranges': 'bytes',
20 verbose headers   date: 'Mon, 18 Apr 2016 02:46:30 GMT',
20 verbose headers   via: '1.1 varnish',
20 verbose headers   age: '252',
20 verbose headers   connection: 'keep-alive',
20 verbose headers   'x-served-by': 'cache-nrt6132-NRT',
20 verbose headers   'x-cache': 'HIT',
20 verbose headers   'x-cache-hits': '3',
20 verbose headers   'x-timer': 'S1460947590.422758,VS0,VE0',
20 verbose headers   vary: 'Accept-Encoding' }
21 silly get cb [ 200,
21 silly get   { server: 'CouchDB/1.5.0 (Erlang OTP/R16B03)',
21 silly get     etag: '"5S4MAT7BBHQAYFBG3C932JB4B"',
21 silly get     'content-type': 'application/json',
21 silly get     'content-encoding': 'gzip',
21 silly get     'cache-control': 'max-age=300',
21 silly get     'content-length': '5864',
21 silly get     'accept-ranges': 'bytes',
21 silly get     date: 'Mon, 18 Apr 2016 02:46:30 GMT',
21 silly get     via: '1.1 varnish',
21 silly get     age: '252',
21 silly get     connection: 'keep-alive',
21 silly get     'x-served-by': 'cache-nrt6132-NRT',
21 silly get     'x-cache': 'HIT',
21 silly get     'x-cache-hits': '3',
21 silly get     'x-timer': 'S1460947590.422758,VS0,VE0',
21 silly get     vary: 'Accept-Encoding' } ]
22 verbose get saving grunt-cli to C:\Users\yang\AppData\Roaming\npm-cache\registry.npmjs.org\grunt-cli\.cache.json
23 verbose correctMkdir C:\Users\yang\AppData\Roaming\npm-cache correctMkdir not in flight; initializing
24 silly install normalizeTree
25 silly loadCurrentTree Finishing
26 silly loadIdealTree Starting
27 silly install loadIdealTree
28 silly cloneCurrentTree Starting
29 silly install cloneCurrentTreeToIdealTree
30 silly cloneCurrentTree Finishing
31 silly loadShrinkwrap Starting
32 silly install loadShrinkwrap
33 silly loadShrinkwrap Finishing
34 silly loadAllDepsIntoIdealTree Starting
35 silly install loadAllDepsIntoIdealTree
36 silly resolveWithNewModule grunt-cli@1.2.0 checking installable status
37 silly cache add args [ 'grunt-cli', null ]
38 verbose cache add spec grunt-cli
39 silly cache add parsed spec Result {
39 silly cache add   raw: 'grunt-cli',
39 silly cache add   scope: null,
39 silly cache add   name: 'grunt-cli',
39 silly cache add   rawSpec: '',
39 silly cache add   spec: 'latest',
39 silly cache add   type: 'tag' }
40 silly addNamed grunt-cli@latest
41 verbose addNamed "latest" is being treated as a dist-tag for grunt-cli
42 info addNameTag [ 'grunt-cli', 'latest' ]
43 silly mapToRegistry name grunt-cli
44 silly mapToRegistry using default registry
45 silly mapToRegistry registry https://registry.npmjs.org/
46 silly mapToRegistry data Result {
46 silly mapToRegistry   raw: 'grunt-cli',
46 silly mapToRegistry   scope: null,
46 silly mapToRegistry   name: 'grunt-cli',
46 silly mapToRegistry   rawSpec: '',
46 silly mapToRegistry   spec: 'latest',
46 silly mapToRegistry   type: 'tag' }
47 silly mapToRegistry uri https://registry.npmjs.org/grunt-cli
48 verbose addNameTag registry:https://registry.npmjs.org/grunt-cli not in flight; fetching
49 verbose get https://registry.npmjs.org/grunt-cli not expired, no request
50 silly addNameTag next cb for grunt-cli with tag latest
51 silly addNamed grunt-cli@1.2.0
52 verbose addNamed "1.2.0" is a plain semver version for grunt-cli
53 silly mapToRegistry name grunt-cli
54 silly mapToRegistry using default registry
55 silly mapToRegistry registry https://registry.npmjs.org/
56 silly mapToRegistry data Result {
56 silly mapToRegistry   raw: 'grunt-cli',
56 silly mapToRegistry   scope: null,
56 silly mapToRegistry   name: 'grunt-cli',
56 silly mapToRegistry   rawSpec: '',
56 silly mapToRegistry   spec: 'latest',
56 silly mapToRegistry   type: 'tag' }
57 silly mapToRegistry uri https://registry.npmjs.org/grunt-cli
58 verbose addRemoteTarball https://registry.npmjs.org/grunt-cli/-/grunt-cli-1.2.0.tgz not in flight; adding
59 verbose addRemoteTarball [ 'https://registry.npmjs.org/grunt-cli/-/grunt-cli-1.2.0.tgz',
59 verbose addRemoteTarball   '562b119ebb069ddb464ace2845501be97b35b6a8' ]
60 info retry fetch attempt 1 at 10:46:35
61 info attempt registry request try #1 at 10:46:35
62 http fetch GET https://registry.npmjs.org/grunt-cli/-/grunt-cli-1.2.0.tgz
63 http fetch 200 https://registry.npmjs.org/grunt-cli/-/grunt-cli-1.2.0.tgz
64 silly fetchAndShaCheck shasum 562b119ebb069ddb464ace2845501be97b35b6a8
65 verbose addTmpTarball C:\Users\yang\AppData\Local\Temp\npm-5420-877db811\registry.npmjs.org\grunt-cli\-\grunt-cli-1.2.0.tgz not in flight; adding
66 verbose addTmpTarball already have metadata; skipping unpack for grunt-cli@1.2.0
67 verbose correctMkdir C:\Users\yang\AppData\Roaming\npm-cache correctMkdir not in flight; initializing
68 silly cache afterAdd grunt-cli@1.2.0
69 verbose afterAdd C:\Users\yang\AppData\Roaming\npm-cache\grunt-cli\1.2.0\package\package.json not in flight; writing
70 verbose correctMkdir C:\Users\yang\AppData\Roaming\npm-cache correctMkdir not in flight; initializing
71 verbose afterAdd C:\Users\yang\AppData\Roaming\npm-cache\grunt-cli\1.2.0\package\package.json written
72 silly fetchNamedPackageData findup-sync
73 silly mapToRegistry name findup-sync
74 silly mapToRegistry using default registry
75 silly mapToRegistry registry https://registry.npmjs.org/
76 silly mapToRegistry data Result {
76 silly mapToRegistry   raw: 'findup-sync',
76 silly mapToRegistry   scope: null,
76 silly mapToRegistry   name: 'findup-sync',
76 silly mapToRegistry   rawSpec: '',
76 silly mapToRegistry   spec: 'latest',
76 silly mapToRegistry   type: 'tag' }
77 silly mapToRegistry uri https://registry.npmjs.org/findup-sync
78 silly fetchNamedPackageData grunt-known-options
79 silly mapToRegistry name grunt-known-options
80 silly mapToRegistry using default registry
81 silly mapToRegistry registry https://registry.npmjs.org/
82 silly mapToRegistry data Result {
82 silly mapToRegistry   raw: 'grunt-known-options',
82 silly mapToRegistry   scope: null,
82 silly mapToRegistry   name: 'grunt-known-options',
82 silly mapToRegistry   rawSpec: '',
82 silly mapToRegistry   spec: 'latest',
82 silly mapToRegistry   type: 'tag' }
83 silly mapToRegistry uri https://registry.npmjs.org/grunt-known-options
84 silly fetchNamedPackageData nopt
85 silly mapToRegistry name nopt
86 silly mapToRegistry using default registry
87 silly mapToRegistry registry https://registry.npmjs.org/
88 silly mapToRegistry data Result {
88 silly mapToRegistry   raw: 'nopt',
88 silly mapToRegistry   scope: null,
88 silly mapToRegistry   name: 'nopt',
88 silly mapToRegistry   rawSpec: '',
88 silly mapToRegistry   spec: 'latest',
88 silly mapToRegistry   type: 'tag' }
89 silly mapToRegistry uri https://registry.npmjs.org/nopt
90 silly fetchNamedPackageData resolve
91 silly mapToRegistry name resolve
92 silly mapToRegistry using default registry
93 silly mapToRegistry registry https://registry.npmjs.org/
94 silly mapToRegistry data Result {
94 silly mapToRegistry   raw: 'resolve',
94 silly mapToRegistry   scope: null,
94 silly mapToRegistry   name: 'resolve',
94 silly mapToRegistry   rawSpec: '',
94 silly mapToRegistry   spec: 'latest',
94 silly mapToRegistry   type: 'tag' }
95 silly mapToRegistry uri https://registry.npmjs.org/resolve
96 verbose request uri https://registry.npmjs.org/grunt-known-options
97 verbose request no auth needed
98 info attempt registry request try #1 at 10:46:36
99 http request GET https://registry.npmjs.org/grunt-known-options
100 verbose request uri https://registry.npmjs.org/resolve
101 verbose request no auth needed
102 info attempt registry request try #1 at 10:46:36
103 http request GET https://registry.npmjs.org/resolve
104 verbose request uri https://registry.npmjs.org/nopt
105 verbose request no auth needed
106 info attempt registry request try #1 at 10:46:36
107 verbose etag "53NWQ6XY2NLAFB30G2E3W8W60"
108 http request GET https://registry.npmjs.org/nopt
109 verbose request uri https://registry.npmjs.org/findup-sync
110 verbose request no auth needed
111 info attempt registry request try #1 at 10:46:36
112 verbose etag "4S5CBZ0YUI1W851IGI9SZSK2N"
113 http request GET https://registry.npmjs.org/findup-sync
114 http 200 https://registry.npmjs.org/grunt-known-options
115 verbose headers { server: 'CouchDB/1.5.0 (Erlang OTP/R16B03)',
115 verbose headers   etag: '"7QSNI1GHSQUPUZPXA2OGSKIJS"',
115 verbose headers   'content-type': 'application/json',
115 verbose headers   'cache-control': 'max-age=300',
115 verbose headers   'content-length': '3532',
115 verbose headers   'accept-ranges': 'bytes',
115 verbose headers   date: 'Mon, 18 Apr 2016 02:46:31 GMT',
115 verbose headers   via: '1.1 varnish',
115 verbose headers   age: '17',
115 verbose headers   connection: 'keep-alive',
115 verbose headers   'x-served-by': 'cache-nrt6123-NRT',
115 verbose headers   'x-cache': 'HIT',
115 verbose headers   'x-cache-hits': '1',
115 verbose headers   'x-timer': 'S1460947591.854552,VS0,VE0',
115 verbose headers   vary: 'Accept-Encoding' }
116 silly get cb [ 200,
116 silly get   { server: 'CouchDB/1.5.0 (Erlang OTP/R16B03)',
116 silly get     etag: '"7QSNI1GHSQUPUZPXA2OGSKIJS"',
116 silly get     'content-type': 'application/json',
116 silly get     'cache-control': 'max-age=300',
116 silly get     'content-length': '3532',
116 silly get     'accept-ranges': 'bytes',
116 silly get     date: 'Mon, 18 Apr 2016 02:46:31 GMT',
116 silly get     via: '1.1 varnish',
116 silly get     age: '17',
116 silly get     connection: 'keep-alive',
116 silly get     'x-served-by': 'cache-nrt6123-NRT',
116 silly get     'x-cache': 'HIT',
116 silly get     'x-cache-hits': '1',
116 silly get     'x-timer': 'S1460947591.854552,VS0,VE0',
116 silly get     vary: 'Accept-Encoding' } ]
117 verbose get saving grunt-known-options to C:\Users\yang\AppData\Roaming\npm-cache\registry.npmjs.org\grunt-known-options\.cache.json
118 verbose correctMkdir C:\Users\yang\AppData\Roaming\npm-cache correctMkdir not in flight; initializing
119 silly resolveWithNewModule grunt-known-options@1.1.0 checking installable status
120 silly cache add args [ 'grunt-known-options@~1.1.0', null ]
121 verbose cache add spec grunt-known-options@~1.1.0
122 silly cache add parsed spec Result {
122 silly cache add   raw: 'grunt-known-options@~1.1.0',
122 silly cache add   scope: null,
122 silly cache add   name: 'grunt-known-options',
122 silly cache add   rawSpec: '~1.1.0',
122 silly cache add   spec: '>=1.1.0 <1.2.0',
122 silly cache add   type: 'range' }
123 silly addNamed grunt-known-options@>=1.1.0 <1.2.0
124 verbose addNamed ">=1.1.0 <1.2.0" is a valid semver range for grunt-known-options
125 silly addNameRange { name: 'grunt-known-options',
125 silly addNameRange   range: '>=1.1.0 <1.2.0',
125 silly addNameRange   hasData: false }
126 silly mapToRegistry name grunt-known-options
127 silly mapToRegistry using default registry
128 silly mapToRegistry registry https://registry.npmjs.org/
129 silly mapToRegistry data Result {
129 silly mapToRegistry   raw: 'grunt-known-options',
129 silly mapToRegistry   scope: null,
129 silly mapToRegistry   name: 'grunt-known-options',
129 silly mapToRegistry   rawSpec: '',
129 silly mapToRegistry   spec: 'latest',
129 silly mapToRegistry   type: 'tag' }
130 silly mapToRegistry uri https://registry.npmjs.org/grunt-known-options
131 verbose addNameRange registry:https://registry.npmjs.org/grunt-known-options not in flight; fetching
132 verbose get https://registry.npmjs.org/grunt-known-options not expired, no request
133 silly addNameRange number 2 { name: 'grunt-known-options',
133 silly addNameRange   range: '>=1.1.0 <1.2.0',
133 silly addNameRange   hasData: true }
134 silly addNameRange versions [ 'grunt-known-options', [ '1.0.0', '1.1.0' ] ]
135 silly addNamed grunt-known-options@1.1.0
136 verbose addNamed "1.1.0" is a plain semver version for grunt-known-options
137 silly mapToRegistry name grunt-known-options
138 silly mapToRegistry using default registry
139 silly mapToRegistry registry https://registry.npmjs.org/
140 silly mapToRegistry data Result {
140 silly mapToRegistry   raw: 'grunt-known-options',
140 silly mapToRegistry   scope: null,
140 silly mapToRegistry   name: 'grunt-known-options',
140 silly mapToRegistry   rawSpec: '',
140 silly mapToRegistry   spec: 'latest',
140 silly mapToRegistry   type: 'tag' }
141 silly mapToRegistry uri https://registry.npmjs.org/grunt-known-options
142 verbose addRemoteTarball https://registry.npmjs.org/grunt-known-options/-/grunt-known-options-1.1.0.tgz not in flight; adding
143 verbose addRemoteTarball [ 'https://registry.npmjs.org/grunt-known-options/-/grunt-known-options-1.1.0.tgz',
143 verbose addRemoteTarball   'a4274eeb32fa765da5a7a3b1712617ce3b144149' ]
144 http 304 https://registry.npmjs.org/nopt
145 verbose headers { date: 'Mon, 18 Apr 2016 02:46:31 GMT',
145 verbose headers   via: '1.1 varnish',
145 verbose headers   'cache-control': 'max-age=300',
145 verbose headers   etag: '"53NWQ6XY2NLAFB30G2E3W8W60"',
145 verbose headers   age: '275',
145 verbose headers   connection: 'keep-alive',
145 verbose headers   'x-served-by': 'cache-nrt6131-NRT',
145 verbose headers   'x-cache': 'HIT',
145 verbose headers   'x-cache-hits': '9',
145 verbose headers   'x-timer': 'S1460947591.861995,VS0,VE0',
145 verbose headers   vary: 'Accept-Encoding' }
146 silly get cb [ 304,
146 silly get   { date: 'Mon, 18 Apr 2016 02:46:31 GMT',
146 silly get     via: '1.1 varnish',
146 silly get     'cache-control': 'max-age=300',
146 silly get     etag: '"53NWQ6XY2NLAFB30G2E3W8W60"',
146 silly get     age: '275',
146 silly get     connection: 'keep-alive',
146 silly get     'x-served-by': 'cache-nrt6131-NRT',
146 silly get     'x-cache': 'HIT',
146 silly get     'x-cache-hits': '9',
146 silly get     'x-timer': 'S1460947591.861995,VS0,VE0',
146 silly get     vary: 'Accept-Encoding' } ]
147 verbose etag https://registry.npmjs.org/nopt from cache
148 verbose get saving nopt to C:\Users\yang\AppData\Roaming\npm-cache\registry.npmjs.org\nopt\.cache.json
149 verbose correctMkdir C:\Users\yang\AppData\Roaming\npm-cache correctMkdir not in flight; initializing
150 info retry fetch attempt 1 at 10:46:37
151 info attempt registry request try #1 at 10:46:37
152 http fetch GET https://registry.npmjs.org/grunt-known-options/-/grunt-known-options-1.1.0.tgz
153 silly resolveWithNewModule nopt@3.0.6 checking installable status
154 silly cache add args [ 'nopt@~3.0.6', null ]
155 verbose cache add spec nopt@~3.0.6
156 silly cache add parsed spec Result {
156 silly cache add   raw: 'nopt@~3.0.6',
156 silly cache add   scope: null,
156 silly cache add   name: 'nopt',
156 silly cache add   rawSpec: '~3.0.6',
156 silly cache add   spec: '>=3.0.6 <3.1.0',
156 silly cache add   type: 'range' }
157 silly addNamed nopt@>=3.0.6 <3.1.0
158 verbose addNamed ">=3.0.6 <3.1.0" is a valid semver range for nopt
159 silly addNameRange { name: 'nopt', range: '>=3.0.6 <3.1.0', hasData: false }
160 silly mapToRegistry name nopt
161 silly mapToRegistry using default registry
162 silly mapToRegistry registry https://registry.npmjs.org/
163 silly mapToRegistry data Result {
163 silly mapToRegistry   raw: 'nopt',
163 silly mapToRegistry   scope: null,
163 silly mapToRegistry   name: 'nopt',
163 silly mapToRegistry   rawSpec: '',
163 silly mapToRegistry   spec: 'latest',
163 silly mapToRegistry   type: 'tag' }
164 silly mapToRegistry uri https://registry.npmjs.org/nopt
165 verbose addNameRange registry:https://registry.npmjs.org/nopt not in flight; fetching
166 verbose get https://registry.npmjs.org/nopt not expired, no request
167 silly addNameRange number 2 { name: 'nopt', range: '>=3.0.6 <3.1.0', hasData: true }
168 silly addNameRange versions [ 'nopt',
168 silly addNameRange   [ '1.0.0',
168 silly addNameRange     '1.0.1',
168 silly addNameRange     '1.0.2',
168 silly addNameRange     '1.0.3',
168 silly addNameRange     '1.0.4',
168 silly addNameRange     '1.0.5',
168 silly addNameRange     '1.0.6',
168 silly addNameRange     '1.0.7',
168 silly addNameRange     '1.0.8',
168 silly addNameRange     '1.0.9',
168 silly addNameRange     '1.0.10',
168 silly addNameRange     '2.0.0',
168 silly addNameRange     '2.1.0',
168 silly addNameRange     '2.1.1',
168 silly addNameRange     '2.1.2',
168 silly addNameRange     '2.2.0',
168 silly addNameRange     '2.2.1',
168 silly addNameRange     '3.0.0',
168 silly addNameRange     '3.0.1',
168 silly addNameRange     '3.0.2',
168 silly addNameRange     '3.0.3',
168 silly addNameRange     '3.0.4',
168 silly addNameRange     '3.0.5',
168 silly addNameRange     '3.0.6' ] ]
169 silly addNamed nopt@3.0.6
170 verbose addNamed "3.0.6" is a plain semver version for nopt
171 silly mapToRegistry name nopt
172 silly mapToRegistry using default registry
173 silly mapToRegistry registry https://registry.npmjs.org/
174 silly mapToRegistry data Result {
174 silly mapToRegistry   raw: 'nopt',
174 silly mapToRegistry   scope: null,
174 silly mapToRegistry   name: 'nopt',
174 silly mapToRegistry   rawSpec: '',
174 silly mapToRegistry   spec: 'latest',
174 silly mapToRegistry   type: 'tag' }
175 silly mapToRegistry uri https://registry.npmjs.org/nopt
176 verbose addRemoteTarball https://registry.npmjs.org/nopt/-/nopt-3.0.6.tgz not in flight; adding
177 verbose addRemoteTarball [ 'https://registry.npmjs.org/nopt/-/nopt-3.0.6.tgz',
177 verbose addRemoteTarball   'c6465dbf08abcd4db359317f79ac68a646b28ff9' ]
178 info retry fetch attempt 1 at 10:46:37
179 info attempt registry request try #1 at 10:46:37
180 http fetch GET https://registry.npmjs.org/nopt/-/nopt-3.0.6.tgz
181 http 304 https://registry.npmjs.org/findup-sync
182 verbose headers { date: 'Mon, 18 Apr 2016 02:46:31 GMT',
182 verbose headers   via: '1.1 varnish',
182 verbose headers   'cache-control': 'max-age=300',
182 verbose headers   etag: '"4S5CBZ0YUI1W851IGI9SZSK2N"',
182 verbose headers   age: '293',
182 verbose headers   connection: 'keep-alive',
182 verbose headers   'x-served-by': 'cache-nrt6122-NRT',
182 verbose headers   'x-cache': 'HIT',
182 verbose headers   'x-cache-hits': '10',
182 verbose headers   'x-timer': 'S1460947591.900868,VS0,VE0',
182 verbose headers   vary: 'Accept-Encoding' }
183 silly get cb [ 304,
183 silly get   { date: 'Mon, 18 Apr 2016 02:46:31 GMT',
183 silly get     via: '1.1 varnish',
183 silly get     'cache-control': 'max-age=300',
183 silly get     etag: '"4S5CBZ0YUI1W851IGI9SZSK2N"',
183 silly get     age: '293',
183 silly get     connection: 'keep-alive',
183 silly get     'x-served-by': 'cache-nrt6122-NRT',
183 silly get     'x-cache': 'HIT',
183 silly get     'x-cache-hits': '10',
183 silly get     'x-timer': 'S1460947591.900868,VS0,VE0',
183 silly get     vary: 'Accept-Encoding' } ]
184 verbose etag https://registry.npmjs.org/findup-sync from cache
185 verbose get saving findup-sync to C:\Users\yang\AppData\Roaming\npm-cache\registry.npmjs.org\findup-sync\.cache.json
186 verbose correctMkdir C:\Users\yang\AppData\Roaming\npm-cache correctMkdir not in flight; initializing
187 silly resolveWithNewModule findup-sync@0.3.0 checking installable status
188 silly cache add args [ 'findup-sync@~0.3.0', null ]
189 verbose cache add spec findup-sync@~0.3.0
190 silly cache add parsed spec Result {
190 silly cache add   raw: 'findup-sync@~0.3.0',
190 silly cache add   scope: null,
190 silly cache add   name: 'findup-sync',
190 silly cache add   rawSpec: '~0.3.0',
190 silly cache add   spec: '>=0.3.0 <0.4.0',
190 silly cache add   type: 'range' }
191 silly addNamed findup-sync@>=0.3.0 <0.4.0
192 verbose addNamed ">=0.3.0 <0.4.0" is a valid semver range for findup-sync
193 silly addNameRange { name: 'findup-sync', range: '>=0.3.0 <0.4.0', hasData: false }
194 silly mapToRegistry name findup-sync
195 silly mapToRegistry using default registry
196 silly mapToRegistry registry https://registry.npmjs.org/
197 silly mapToRegistry data Result {
197 silly mapToRegistry   raw: 'findup-sync',
197 silly mapToRegistry   scope: null,
197 silly mapToRegistry   name: 'findup-sync',
197 silly mapToRegistry   rawSpec: '',
197 silly mapToRegistry   spec: 'latest',
197 silly mapToRegistry   type: 'tag' }
198 silly mapToRegistry uri https://registry.npmjs.org/findup-sync
199 verbose addNameRange registry:https://registry.npmjs.org/findup-sync not in flight; fetching
200 verbose get https://registry.npmjs.org/findup-sync not expired, no request
201 silly addNameRange number 2 { name: 'findup-sync', range: '>=0.3.0 <0.4.0', hasData: true }
202 silly addNameRange versions [ 'findup-sync',
202 silly addNameRange   [ '0.1.0',
202 silly addNameRange     '0.1.1',
202 silly addNameRange     '0.1.2',
202 silly addNameRange     '0.1.3',
202 silly addNameRange     '0.2.0',
202 silly addNameRange     '0.2.1',
202 silly addNameRange     '0.3.0',
202 silly addNameRange     '0.4.0' ] ]
203 silly addNamed findup-sync@0.3.0
204 verbose addNamed "0.3.0" is a plain semver version for findup-sync
205 silly mapToRegistry name findup-sync
206 silly mapToRegistry using default registry
207 silly mapToRegistry registry https://registry.npmjs.org/
208 silly mapToRegistry data Result {
208 silly mapToRegistry   raw: 'findup-sync',
208 silly mapToRegistry   scope: null,
208 silly mapToRegistry   name: 'findup-sync',
208 silly mapToRegistry   rawSpec: '',
208 silly mapToRegistry   spec: 'latest',
208 silly mapToRegistry   type: 'tag' }
209 silly mapToRegistry uri https://registry.npmjs.org/findup-sync
210 verbose addRemoteTarball https://registry.npmjs.org/findup-sync/-/findup-sync-0.3.0.tgz not in flight; adding
211 verbose addRemoteTarball [ 'https://registry.npmjs.org/findup-sync/-/findup-sync-0.3.0.tgz',
211 verbose addRemoteTarball   '37930aa5d816b777c03445e1966cc6790a4c0b16' ]
212 info retry fetch attempt 1 at 10:46:37
213 info attempt registry request try #1 at 10:46:37
214 http fetch GET https://registry.npmjs.org/findup-sync/-/findup-sync-0.3.0.tgz
215 http 200 https://registry.npmjs.org/resolve
216 verbose headers { server: 'CouchDB/1.5.0 (Erlang OTP/R16B03)',
216 verbose headers   etag: '"JRYGJUMH9LKT7TX2IWA5N8VJ"',
216 verbose headers   'content-type': 'application/json',
216 verbose headers   'cache-control': 'max-age=300',
216 verbose headers   'content-length': '44372',
216 verbose headers   'accept-ranges': 'bytes',
216 verbose headers   date: 'Mon, 18 Apr 2016 02:46:31 GMT',
216 verbose headers   via: '1.1 varnish',
216 verbose headers   age: '123',
216 verbose headers   connection: 'keep-alive',
216 verbose headers   'x-served-by': 'cache-nrt6131-NRT',
216 verbose headers   'x-cache': 'HIT',
216 verbose headers   'x-cache-hits': '1',
216 verbose headers   'x-timer': 'S1460947591.855946,VS0,VE0',
216 verbose headers   vary: 'Accept-Encoding' }
217 silly get cb [ 200,
217 silly get   { server: 'CouchDB/1.5.0 (Erlang OTP/R16B03)',
217 silly get     etag: '"JRYGJUMH9LKT7TX2IWA5N8VJ"',
217 silly get     'content-type': 'application/json',
217 silly get     'cache-control': 'max-age=300',
217 silly get     'content-length': '44372',
217 silly get     'accept-ranges': 'bytes',
217 silly get     date: 'Mon, 18 Apr 2016 02:46:31 GMT',
217 silly get     via: '1.1 varnish',
217 silly get     age: '123',
217 silly get     connection: 'keep-alive',
217 silly get     'x-served-by': 'cache-nrt6131-NRT',
217 silly get     'x-cache': 'HIT',
217 silly get     'x-cache-hits': '1',
217 silly get     'x-timer': 'S1460947591.855946,VS0,VE0',
217 silly get     vary: 'Accept-Encoding' } ]
218 verbose get saving resolve to C:\Users\yang\AppData\Roaming\npm-cache\registry.npmjs.org\resolve\.cache.json
219 verbose correctMkdir C:\Users\yang\AppData\Roaming\npm-cache correctMkdir not in flight; initializing
220 http fetch 200 https://registry.npmjs.org/nopt/-/nopt-3.0.6.tgz
221 silly fetchAndShaCheck shasum c6465dbf08abcd4db359317f79ac68a646b28ff9
222 verbose addTmpTarball C:\Users\yang\AppData\Local\Temp\npm-5420-877db811\registry.npmjs.org\nopt\-\nopt-3.0.6.tgz not in flight; adding
223 verbose addTmpTarball already have metadata; skipping unpack for nopt@3.0.6
224 verbose correctMkdir C:\Users\yang\AppData\Roaming\npm-cache correctMkdir not in flight; initializing
225 silly resolveWithNewModule resolve@1.1.7 checking installable status
226 silly cache add args [ 'resolve@~1.1.0', null ]
227 verbose cache add spec resolve@~1.1.0
228 silly cache add parsed spec Result {
228 silly cache add   raw: 'resolve@~1.1.0',
228 silly cache add   scope: null,
228 silly cache add   name: 'resolve',
228 silly cache add   rawSpec: '~1.1.0',
228 silly cache add   spec: '>=1.1.0 <1.2.0',
228 silly cache add   type: 'range' }
229 silly addNamed resolve@>=1.1.0 <1.2.0
230 verbose addNamed ">=1.1.0 <1.2.0" is a valid semver range for resolve
231 silly addNameRange { name: 'resolve', range: '>=1.1.0 <1.2.0', hasData: false }
232 silly mapToRegistry name resolve
233 silly mapToRegistry using default registry
234 silly mapToRegistry registry https://registry.npmjs.org/
235 silly mapToRegistry data Result {
235 silly mapToRegistry   raw: 'resolve',
235 silly mapToRegistry   scope: null,
235 silly mapToRegistry   name: 'resolve',
235 silly mapToRegistry   rawSpec: '',
235 silly mapToRegistry   spec: 'latest',
235 silly mapToRegistry   type: 'tag' }
236 silly mapToRegistry uri https://registry.npmjs.org/resolve
237 verbose addNameRange registry:https://registry.npmjs.org/resolve not in flight; fetching
238 verbose get https://registry.npmjs.org/resolve not expired, no request
239 silly addNameRange number 2 { name: 'resolve', range: '>=1.1.0 <1.2.0', hasData: true }
240 silly addNameRange versions [ 'resolve',
240 silly addNameRange   [ '0.0.0',
240 silly addNameRange     '0.0.1',
240 silly addNameRange     '0.0.2',
240 silly addNameRange     '0.0.3',
240 silly addNameRange     '0.0.4',
240 silly addNameRange     '0.1.0',
240 silly addNameRange     '0.1.2',
240 silly addNameRange     '0.1.3',
240 silly addNameRange     '0.2.0',
240 silly addNameRange     '0.2.1',
240 silly addNameRange     '0.2.2',
240 silly addNameRange     '0.2.3',
240 silly addNameRange     '0.2.4',
240 silly addNameRange     '0.2.5',
240 silly addNameRange     '0.2.6',
240 silly addNameRange     '0.2.7',
240 silly addNameRange     '0.2.8',
240 silly addNameRange     '0.3.0',
240 silly addNameRange     '0.3.1',
240 silly addNameRange     '0.4.0',
240 silly addNameRange     '0.4.1',
240 silly addNameRange     '0.4.2',
240 silly addNameRange     '0.4.3',
240 silly addNameRange     '0.5.0',
240 silly addNameRange     '0.5.1',
240 silly addNameRange     '0.6.0',
240 silly addNameRange     '0.6.1',
240 silly addNameRange     '0.6.2',
240 silly addNameRange     '0.6.3',
240 silly addNameRange     '0.7.0',
240 silly addNameRange     '0.7.1',
240 silly addNameRange     '0.7.2',
240 silly addNameRange     '0.7.3',
240 silly addNameRange     '0.7.4',
240 silly addNameRange     '1.0.0',
240 silly addNameRange     '1.1.0',
240 silly addNameRange     '1.1.2',
240 silly addNameRange     '1.1.3',
240 silly addNameRange     '1.1.4',
240 silly addNameRange     '1.1.5',
240 silly addNameRange     '1.1.6',
240 silly addNameRange     '1.1.7' ] ]
241 silly addNamed resolve@1.1.7
242 verbose addNamed "1.1.7" is a plain semver version for resolve
243 silly mapToRegistry name resolve
244 silly mapToRegistry using default registry
245 silly mapToRegistry registry https://registry.npmjs.org/
246 silly mapToRegistry data Result {
246 silly mapToRegistry   raw: 'resolve',
246 silly mapToRegistry   scope: null,
246 silly mapToRegistry   name: 'resolve',
246 silly mapToRegistry   rawSpec: '',
246 silly mapToRegistry   spec: 'latest',
246 silly mapToRegistry   type: 'tag' }
247 silly mapToRegistry uri https://registry.npmjs.org/resolve
248 verbose addRemoteTarball https://registry.npmjs.org/resolve/-/resolve-1.1.7.tgz not in flight; adding
249 verbose addRemoteTarball [ 'https://registry.npmjs.org/resolve/-/resolve-1.1.7.tgz',
249 verbose addRemoteTarball   '203114d82ad2c5ed9e8e0411b3932875e889e97b' ]
250 info retry fetch attempt 1 at 10:46:38
251 info attempt registry request try #1 at 10:46:38
252 http fetch GET https://registry.npmjs.org/resolve/-/resolve-1.1.7.tgz
253 silly cache afterAdd nopt@3.0.6
254 verbose afterAdd C:\Users\yang\AppData\Roaming\npm-cache\nopt\3.0.6\package\package.json not in flight; writing
255 verbose correctMkdir C:\Users\yang\AppData\Roaming\npm-cache correctMkdir not in flight; initializing
256 verbose afterAdd C:\Users\yang\AppData\Roaming\npm-cache\nopt\3.0.6\package\package.json written
257 http fetch 200 https://registry.npmjs.org/findup-sync/-/findup-sync-0.3.0.tgz
258 silly fetchAndShaCheck shasum 37930aa5d816b777c03445e1966cc6790a4c0b16
259 verbose addTmpTarball C:\Users\yang\AppData\Local\Temp\npm-5420-877db811\registry.npmjs.org\findup-sync\-\findup-sync-0.3.0.tgz not in flight; adding
260 verbose addTmpTarball already have metadata; skipping unpack for findup-sync@0.3.0
261 verbose correctMkdir C:\Users\yang\AppData\Roaming\npm-cache correctMkdir not in flight; initializing
262 silly cache afterAdd findup-sync@0.3.0
263 verbose afterAdd C:\Users\yang\AppData\Roaming\npm-cache\findup-sync\0.3.0\package\package.json not in flight; writing
264 verbose correctMkdir C:\Users\yang\AppData\Roaming\npm-cache correctMkdir not in flight; initializing
265 verbose afterAdd C:\Users\yang\AppData\Roaming\npm-cache\findup-sync\0.3.0\package\package.json written
266 http fetch 200 https://registry.npmjs.org/resolve/-/resolve-1.1.7.tgz
267 silly fetchAndShaCheck shasum 203114d82ad2c5ed9e8e0411b3932875e889e97b
268 verbose addTmpTarball C:\Users\yang\AppData\Local\Temp\npm-5420-877db811\registry.npmjs.org\resolve\-\resolve-1.1.7.tgz not in flight; adding
269 verbose addTmpTarball already have metadata; skipping unpack for resolve@1.1.7
270 verbose correctMkdir C:\Users\yang\AppData\Roaming\npm-cache correctMkdir not in flight; initializing
271 silly cache afterAdd resolve@1.1.7
272 verbose afterAdd C:\Users\yang\AppData\Roaming\npm-cache\resolve\1.1.7\package\package.json not in flight; writing
273 verbose correctMkdir C:\Users\yang\AppData\Roaming\npm-cache correctMkdir not in flight; initializing
274 verbose afterAdd C:\Users\yang\AppData\Roaming\npm-cache\resolve\1.1.7\package\package.json written
275 http fetch 200 https://registry.npmjs.org/grunt-known-options/-/grunt-known-options-1.1.0.tgz
276 silly fetchAndShaCheck shasum a4274eeb32fa765da5a7a3b1712617ce3b144149
277 verbose addTmpTarball C:\Users\yang\AppData\Local\Temp\npm-5420-877db811\registry.npmjs.org\grunt-known-options\-\grunt-known-options-1.1.0.tgz not in flight; adding
278 verbose addTmpTarball already have metadata; skipping unpack for grunt-known-options@1.1.0
279 verbose correctMkdir C:\Users\yang\AppData\Roaming\npm-cache correctMkdir not in flight; initializing
280 silly cache afterAdd grunt-known-options@1.1.0
281 verbose afterAdd C:\Users\yang\AppData\Roaming\npm-cache\grunt-known-options\1.1.0\package\package.json not in flight; writing
282 verbose correctMkdir C:\Users\yang\AppData\Roaming\npm-cache correctMkdir not in flight; initializing
283 verbose afterAdd C:\Users\yang\AppData\Roaming\npm-cache\grunt-known-options\1.1.0\package\package.json written
284 silly fetchNamedPackageData glob
285 silly mapToRegistry name glob
286 silly mapToRegistry using default registry
287 silly mapToRegistry registry https://registry.npmjs.org/
288 silly mapToRegistry data Result {
288 silly mapToRegistry   raw: 'glob',
288 silly mapToRegistry   scope: null,
288 silly mapToRegistry   name: 'glob',
288 silly mapToRegistry   rawSpec: '',
288 silly mapToRegistry   spec: 'latest',
288 silly mapToRegistry   type: 'tag' }
289 silly mapToRegistry uri https://registry.npmjs.org/glob
290 verbose request uri https://registry.npmjs.org/glob
291 verbose request no auth needed
292 info attempt registry request try #1 at 10:46:42
293 verbose etag "A9RWKTDY2PL58R9J1NKQX5AQ7"
294 http request GET https://registry.npmjs.org/glob
295 http 304 https://registry.npmjs.org/glob
296 verbose headers { date: 'Mon, 18 Apr 2016 02:46:37 GMT',
296 verbose headers   via: '1.1 varnish',
296 verbose headers   'cache-control': 'max-age=300',
296 verbose headers   etag: '"A9RWKTDY2PL58R9J1NKQX5AQ7"',
296 verbose headers   age: '223',
296 verbose headers   connection: 'keep-alive',
296 verbose headers   'x-served-by': 'cache-nrt6122-NRT',
296 verbose headers   'x-cache': 'HIT',
296 verbose headers   'x-cache-hits': '12',
296 verbose headers   'x-timer': 'S1460947597.216707,VS0,VE0',
296 verbose headers   vary: 'Accept-Encoding' }
297 silly get cb [ 304,
297 silly get   { date: 'Mon, 18 Apr 2016 02:46:37 GMT',
297 silly get     via: '1.1 varnish',
297 silly get     'cache-control': 'max-age=300',
297 silly get     etag: '"A9RWKTDY2PL58R9J1NKQX5AQ7"',
297 silly get     age: '223',
297 silly get     connection: 'keep-alive',
297 silly get     'x-served-by': 'cache-nrt6122-NRT',
297 silly get     'x-cache': 'HIT',
297 silly get     'x-cache-hits': '12',
297 silly get     'x-timer': 'S1460947597.216707,VS0,VE0',
297 silly get     vary: 'Accept-Encoding' } ]
298 verbose etag https://registry.npmjs.org/glob from cache
299 verbose get saving glob to C:\Users\yang\AppData\Roaming\npm-cache\registry.npmjs.org\glob\.cache.json
300 verbose correctMkdir C:\Users\yang\AppData\Roaming\npm-cache correctMkdir not in flight; initializing
301 silly resolveWithNewModule glob@5.0.15 checking installable status
302 silly cache add args [ 'glob@~5.0.0', null ]
303 verbose cache add spec glob@~5.0.0
304 silly cache add parsed spec Result {
304 silly cache add   raw: 'glob@~5.0.0',
304 silly cache add   scope: null,
304 silly cache add   name: 'glob',
304 silly cache add   rawSpec: '~5.0.0',
304 silly cache add   spec: '>=5.0.0 <5.1.0',
304 silly cache add   type: 'range' }
305 silly addNamed glob@>=5.0.0 <5.1.0
306 verbose addNamed ">=5.0.0 <5.1.0" is a valid semver range for glob
307 silly addNameRange { name: 'glob', range: '>=5.0.0 <5.1.0', hasData: false }
308 silly mapToRegistry name glob
309 silly mapToRegistry using default registry
310 silly mapToRegistry registry https://registry.npmjs.org/
311 silly mapToRegistry data Result {
311 silly mapToRegistry   raw: 'glob',
311 silly mapToRegistry   scope: null,
311 silly mapToRegistry   name: 'glob',
311 silly mapToRegistry   rawSpec: '',
311 silly mapToRegistry   spec: 'latest',
311 silly mapToRegistry   type: 'tag' }
312 silly mapToRegistry uri https://registry.npmjs.org/glob
313 verbose addNameRange registry:https://registry.npmjs.org/glob not in flight; fetching
314 verbose get https://registry.npmjs.org/glob not expired, no request
315 silly addNameRange number 2 { name: 'glob', range: '>=5.0.0 <5.1.0', hasData: true }
316 silly addNameRange versions [ 'glob',
316 silly addNameRange   [ '1.1.0',
316 silly addNameRange     '2.0.9',
316 silly addNameRange     '2.0.8',
316 silly addNameRange     '2.0.7',
316 silly addNameRange     '2.1.0',
316 silly addNameRange     '3.0.0',
316 silly addNameRange     '3.0.1',
316 silly addNameRange     '3.1.0',
316 silly addNameRange     '3.1.1',
316 silly addNameRange     '3.1.2',
316 silly addNameRange     '3.1.3',
316 silly addNameRange     '3.1.4',
316 silly addNameRange     '3.1.5',
316 silly addNameRange     '3.1.6',
316 silly addNameRange     '3.1.7',
316 silly addNameRange     '3.1.9',
316 silly addNameRange     '3.1.10',
316 silly addNameRange     '3.1.11',
316 silly addNameRange     '3.1.12',
316 silly addNameRange     '3.1.13',
316 silly addNameRange     '3.1.14',
316 silly addNameRange     '3.1.15',
316 silly addNameRange     '3.1.16',
316 silly addNameRange     '3.1.17',
316 silly addNameRange     '3.1.18',
316 silly addNameRange     '3.1.19',
316 silly addNameRange     '3.1.20',
316 silly addNameRange     '3.1.21',
316 silly addNameRange     '3.2.0',
316 silly addNameRange     '3.2.1',
316 silly addNameRange     '3.2.3',
316 silly addNameRange     '3.2.4',
316 silly addNameRange     '3.2.5',
316 silly addNameRange     '3.2.6',
316 silly addNameRange     '3.2.7',
316 silly addNameRange     '3.2.8',
316 silly addNameRange     '3.2.9',
316 silly addNameRange     '3.2.10',
316 silly addNameRange     '3.2.11',
316 silly addNameRange     '4.0.0',
316 silly addNameRange     '4.0.1',
316 silly addNameRange     '4.0.2',
316 silly addNameRange     '4.0.3',
316 silly addNameRange     '4.0.4',
316 silly addNameRange     '4.0.5',
316 silly addNameRange     '4.0.6',
316 silly addNameRange     '4.1.2-beta',
316 silly addNameRange     '4.1.2',
316 silly addNameRange     '4.1.3',
316 silly addNameRange     '4.1.4',
316 silly addNameRange     '4.1.5',
316 silly addNameRange     '4.1.6',
316 silly addNameRange     '4.2.0',
316 silly addNameRange     '4.2.1',
316 silly addNameRange     '4.2.2',
316 silly addNameRange     '4.3.0',
316 silly addNameRange     '4.3.1',
316 silly addNameRange     '4.3.2',
316 silly addNameRange     '4.3.3',
316 silly addNameRange     '4.3.4',
316 silly addNameRange     '4.3.5',
316 silly addNameRange     '4.4.0',
316 silly addNameRange     '4.4.2',
316 silly addNameRange     '4.5.0',
316 silly addNameRange     '5.0.0',
316 silly addNameRange     '4.5.1',
316 silly addNameRange     '5.0.1',
316 silly addNameRange     '4.5.2',
316 silly addNameRange     '5.0.2',
316 silly addNameRange     '4.5.3',
316 silly addNameRange     '5.0.3',
316 silly addNameRange     '5.0.4',
316 silly addNameRange     '5.0.5',
316 silly addNameRange     '5.0.6',
316 silly addNameRange     '5.0.7',
316 silly addNameRange     '5.0.9',
316 silly addNameRange     '5.0.10',
316 silly addNameRange     '5.0.11',
316 silly addNameRange     '5.0.12',
316 silly addNameRange     '5.0.13',
316 silly addNameRange     '5.0.14',
316 silly addNameRange     '5.0.15',
316 silly addNameRange     '6.0.1',
316 silly addNameRange     '6.0.2',
316 silly addNameRange     '6.0.3',
316 silly addNameRange     '6.0.4',
316 silly addNameRange     '7.0.0',
316 silly addNameRange     '7.0.1',
316 silly addNameRange     '7.0.3' ] ]
317 silly addNamed glob@5.0.15
318 verbose addNamed "5.0.15" is a plain semver version for glob
319 silly mapToRegistry name glob
320 silly mapToRegistry using default registry
321 silly mapToRegistry registry https://registry.npmjs.org/
322 silly mapToRegistry data Result {
322 silly mapToRegistry   raw: 'glob',
322 silly mapToRegistry   scope: null,
322 silly mapToRegistry   name: 'glob',
322 silly mapToRegistry   rawSpec: '',
322 silly mapToRegistry   spec: 'latest',
322 silly mapToRegistry   type: 'tag' }
323 silly mapToRegistry uri https://registry.npmjs.org/glob
324 verbose addRemoteTarball https://registry.npmjs.org/glob/-/glob-5.0.15.tgz not in flight; adding
325 verbose addRemoteTarball [ 'https://registry.npmjs.org/glob/-/glob-5.0.15.tgz',
325 verbose addRemoteTarball   '1bc936b9e02f4a603fcc222ecf7633d30b8b93b1' ]
326 info retry fetch attempt 1 at 10:46:42
327 info attempt registry request try #1 at 10:46:42
328 http fetch GET https://registry.npmjs.org/glob/-/glob-5.0.15.tgz
329 http fetch 200 https://registry.npmjs.org/glob/-/glob-5.0.15.tgz
330 silly fetchAndShaCheck shasum 1bc936b9e02f4a603fcc222ecf7633d30b8b93b1
331 verbose addTmpTarball C:\Users\yang\AppData\Local\Temp\npm-5420-877db811\registry.npmjs.org\glob\-\glob-5.0.15.tgz not in flight; adding
332 verbose addTmpTarball already have metadata; skipping unpack for glob@5.0.15
333 verbose correctMkdir C:\Users\yang\AppData\Roaming\npm-cache correctMkdir not in flight; initializing
334 silly cache afterAdd glob@5.0.15
335 verbose afterAdd C:\Users\yang\AppData\Roaming\npm-cache\glob\5.0.15\package\package.json not in flight; writing
336 verbose correctMkdir C:\Users\yang\AppData\Roaming\npm-cache correctMkdir not in flight; initializing
337 verbose afterAdd C:\Users\yang\AppData\Roaming\npm-cache\glob\5.0.15\package\package.json written
338 silly fetchNamedPackageData inflight
339 silly mapToRegistry name inflight
340 silly mapToRegistry using default registry
341 silly mapToRegistry registry https://registry.npmjs.org/
342 silly mapToRegistry data Result {
342 silly mapToRegistry   raw: 'inflight',
342 silly mapToRegistry   scope: null,
342 silly mapToRegistry   name: 'inflight',
342 silly mapToRegistry   rawSpec: '',
342 silly mapToRegistry   spec: 'latest',
342 silly mapToRegistry   type: 'tag' }
343 silly mapToRegistry uri https://registry.npmjs.org/inflight
344 silly fetchNamedPackageData inherits
345 silly mapToRegistry name inherits
346 silly mapToRegistry using default registry
347 silly mapToRegistry registry https://registry.npmjs.org/
348 silly mapToRegistry data Result {
348 silly mapToRegistry   raw: 'inherits',
348 silly mapToRegistry   scope: null,
348 silly mapToRegistry   name: 'inherits',
348 silly mapToRegistry   rawSpec: '',
348 silly mapToRegistry   spec: 'latest',
348 silly mapToRegistry   type: 'tag' }
349 silly mapToRegistry uri https://registry.npmjs.org/inherits
350 silly fetchNamedPackageData minimatch
351 silly mapToRegistry name minimatch
352 silly mapToRegistry using default registry
353 silly mapToRegistry registry https://registry.npmjs.org/
354 silly mapToRegistry data Result {
354 silly mapToRegistry   raw: 'minimatch',
354 silly mapToRegistry   scope: null,
354 silly mapToRegistry   name: 'minimatch',
354 silly mapToRegistry   rawSpec: '',
354 silly mapToRegistry   spec: 'latest',
354 silly mapToRegistry   type: 'tag' }
355 silly mapToRegistry uri https://registry.npmjs.org/minimatch
356 silly fetchNamedPackageData once
357 silly mapToRegistry name once
358 silly mapToRegistry using default registry
359 silly mapToRegistry registry https://registry.npmjs.org/
360 silly mapToRegistry data Result {
360 silly mapToRegistry   raw: 'once',
360 silly mapToRegistry   scope: null,
360 silly mapToRegistry   name: 'once',
360 silly mapToRegistry   rawSpec: '',
360 silly mapToRegistry   spec: 'latest',
360 silly mapToRegistry   type: 'tag' }
361 silly mapToRegistry uri https://registry.npmjs.org/once
362 silly fetchNamedPackageData path-is-absolute
363 silly mapToRegistry name path-is-absolute
364 silly mapToRegistry using default registry
365 silly mapToRegistry registry https://registry.npmjs.org/
366 silly mapToRegistry data Result {
366 silly mapToRegistry   raw: 'path-is-absolute',
366 silly mapToRegistry   scope: null,
366 silly mapToRegistry   name: 'path-is-absolute',
366 silly mapToRegistry   rawSpec: '',
366 silly mapToRegistry   spec: 'latest',
366 silly mapToRegistry   type: 'tag' }
367 silly mapToRegistry uri https://registry.npmjs.org/path-is-absolute
368 verbose request uri https://registry.npmjs.org/inherits
369 verbose request no auth needed
370 info attempt registry request try #1 at 10:46:43
371 verbose etag "CSFMXBRYNJGABJSTPX8EQ98J4"
372 http request GET https://registry.npmjs.org/inherits
373 verbose request uri https://registry.npmjs.org/minimatch
374 verbose request no auth needed
375 info attempt registry request try #1 at 10:46:43
376 verbose etag "DFZODLEATQAZ2N0BZOZDSZYIR"
377 http request GET https://registry.npmjs.org/minimatch
378 verbose request uri https://registry.npmjs.org/path-is-absolute
379 verbose request no auth needed
380 info attempt registry request try #1 at 10:46:43
381 verbose etag "BN5VZYARJTFIZINEV94ZMOHSE"
382 http request GET https://registry.npmjs.org/path-is-absolute
383 verbose request uri https://registry.npmjs.org/inflight
384 verbose request no auth needed
385 info attempt registry request try #1 at 10:46:43
386 verbose etag "AYD7KENJNHXM5Z0WKMT2D06HW"
387 http request GET https://registry.npmjs.org/inflight
388 verbose request uri https://registry.npmjs.org/once
389 verbose request no auth needed
390 info attempt registry request try #1 at 10:46:43
391 verbose etag "19BC5SB4QCK4KR5ZAJCMUBZ3M"
392 http request GET https://registry.npmjs.org/once
393 http 304 https://registry.npmjs.org/inherits
394 verbose headers { date: 'Mon, 18 Apr 2016 02:46:38 GMT',
394 verbose headers   via: '1.1 varnish',
394 verbose headers   'cache-control': 'max-age=300',
394 verbose headers   etag: '"CSFMXBRYNJGABJSTPX8EQ98J4"',
394 verbose headers   age: '232',
394 verbose headers   connection: 'keep-alive',
394 verbose headers   'x-served-by': 'cache-nrt6134-NRT',
394 verbose headers   'x-cache': 'HIT',
394 verbose headers   'x-cache-hits': '12',
394 verbose headers   'x-timer': 'S1460947598.795450,VS0,VE0',
394 verbose headers   vary: 'Accept-Encoding' }
395 silly get cb [ 304,
395 silly get   { date: 'Mon, 18 Apr 2016 02:46:38 GMT',
395 silly get     via: '1.1 varnish',
395 silly get     'cache-control': 'max-age=300',
395 silly get     etag: '"CSFMXBRYNJGABJSTPX8EQ98J4"',
395 silly get     age: '232',
395 silly get     connection: 'keep-alive',
395 silly get     'x-served-by': 'cache-nrt6134-NRT',
395 silly get     'x-cache': 'HIT',
395 silly get     'x-cache-hits': '12',
395 silly get     'x-timer': 'S1460947598.795450,VS0,VE0',
395 silly get     vary: 'Accept-Encoding' } ]
396 verbose etag https://registry.npmjs.org/inherits from cache
397 verbose get saving inherits to C:\Users\yang\AppData\Roaming\npm-cache\registry.npmjs.org\inherits\.cache.json
398 verbose correctMkdir C:\Users\yang\AppData\Roaming\npm-cache correctMkdir not in flight; initializing
399 http 304 https://registry.npmjs.org/minimatch
400 verbose headers { date: 'Mon, 18 Apr 2016 02:46:38 GMT',
400 verbose headers   via: '1.1 varnish',
400 verbose headers   'cache-control': 'max-age=300',
400 verbose headers   etag: '"DFZODLEATQAZ2N0BZOZDSZYIR"',
400 verbose headers   age: '57',
400 verbose headers   connection: 'keep-alive',
400 verbose headers   'x-served-by': 'cache-nrt6127-NRT',
400 verbose headers   'x-cache': 'HIT',
400 verbose headers   'x-cache-hits': '2',
400 verbose headers   'x-timer': 'S1460947598.798885,VS0,VE0',
400 verbose headers   vary: 'Accept-Encoding' }
401 silly get cb [ 304,
401 silly get   { date: 'Mon, 18 Apr 2016 02:46:38 GMT',
401 silly get     via: '1.1 varnish',
401 silly get     'cache-control': 'max-age=300',
401 silly get     etag: '"DFZODLEATQAZ2N0BZOZDSZYIR"',
401 silly get     age: '57',
401 silly get     connection: 'keep-alive',
401 silly get     'x-served-by': 'cache-nrt6127-NRT',
401 silly get     'x-cache': 'HIT',
401 silly get     'x-cache-hits': '2',
401 silly get     'x-timer': 'S1460947598.798885,VS0,VE0',
401 silly get     vary: 'Accept-Encoding' } ]
402 verbose etag https://registry.npmjs.org/minimatch from cache
403 verbose get saving minimatch to C:\Users\yang\AppData\Roaming\npm-cache\registry.npmjs.org\minimatch\.cache.json
404 verbose correctMkdir C:\Users\yang\AppData\Roaming\npm-cache correctMkdir not in flight; initializing
405 silly resolveWithNewModule inherits@2.0.1 checking installable status
406 silly cache add args [ 'inherits@2', null ]
407 verbose cache add spec inherits@2
408 silly cache add parsed spec Result {
408 silly cache add   raw: 'inherits@2',
408 silly cache add   scope: null,
408 silly cache add   name: 'inherits',
408 silly cache add   rawSpec: '2',
408 silly cache add   spec: '>=2.0.0 <3.0.0',
408 silly cache add   type: 'range' }
409 silly addNamed inherits@>=2.0.0 <3.0.0
410 verbose addNamed ">=2.0.0 <3.0.0" is a valid semver range for inherits
411 silly addNameRange { name: 'inherits', range: '>=2.0.0 <3.0.0', hasData: false }
412 silly mapToRegistry name inherits
413 silly mapToRegistry using default registry
414 silly mapToRegistry registry https://registry.npmjs.org/
415 silly mapToRegistry data Result {
415 silly mapToRegistry   raw: 'inherits',
415 silly mapToRegistry   scope: null,
415 silly mapToRegistry   name: 'inherits',
415 silly mapToRegistry   rawSpec: '',
415 silly mapToRegistry   spec: 'latest',
415 silly mapToRegistry   type: 'tag' }
416 silly mapToRegistry uri https://registry.npmjs.org/inherits
417 verbose addNameRange registry:https://registry.npmjs.org/inherits not in flight; fetching
418 http 304 https://registry.npmjs.org/path-is-absolute
419 verbose headers { date: 'Mon, 18 Apr 2016 02:46:38 GMT',
419 verbose headers   via: '1.1 varnish',
419 verbose headers   'cache-control': 'max-age=300',
419 verbose headers   etag: '"BN5VZYARJTFIZINEV94ZMOHSE"',
419 verbose headers   age: '207',
419 verbose headers   connection: 'keep-alive',
419 verbose headers   'x-served-by': 'cache-nrt6130-NRT',
419 verbose headers   'x-cache': 'HIT',
419 verbose headers   'x-cache-hits': '11',
419 verbose headers   'x-timer': 'S1460947598.817954,VS0,VE0',
419 verbose headers   vary: 'Accept-Encoding' }
420 silly get cb [ 304,
420 silly get   { date: 'Mon, 18 Apr 2016 02:46:38 GMT',
420 silly get     via: '1.1 varnish',
420 silly get     'cache-control': 'max-age=300',
420 silly get     etag: '"BN5VZYARJTFIZINEV94ZMOHSE"',
420 silly get     age: '207',
420 silly get     connection: 'keep-alive',
420 silly get     'x-served-by': 'cache-nrt6130-NRT',
420 silly get     'x-cache': 'HIT',
420 silly get     'x-cache-hits': '11',
420 silly get     'x-timer': 'S1460947598.817954,VS0,VE0',
420 silly get     vary: 'Accept-Encoding' } ]
421 verbose etag https://registry.npmjs.org/path-is-absolute from cache
422 verbose get saving path-is-absolute to C:\Users\yang\AppData\Roaming\npm-cache\registry.npmjs.org\path-is-absolute\.cache.json
423 verbose correctMkdir C:\Users\yang\AppData\Roaming\npm-cache correctMkdir not in flight; initializing
424 silly resolveWithNewModule minimatch@3.0.0 checking installable status
425 silly cache add args [ 'minimatch@2 || 3', null ]
426 verbose cache add spec minimatch@2 || 3
427 silly cache add parsed spec Result {
427 silly cache add   raw: 'minimatch@2 || 3',
427 silly cache add   scope: null,
427 silly cache add   name: 'minimatch',
427 silly cache add   rawSpec: '2 || 3',
427 silly cache add   spec: '>=2.0.0 <3.0.0||>=3.0.0 <4.0.0',
427 silly cache add   type: 'range' }
428 silly addNamed minimatch@>=2.0.0 <3.0.0||>=3.0.0 <4.0.0
429 verbose addNamed ">=2.0.0 <3.0.0||>=3.0.0 <4.0.0" is a valid semver range for minimatch
430 silly addNameRange { name: 'minimatch',
430 silly addNameRange   range: '>=2.0.0 <3.0.0||>=3.0.0 <4.0.0',
430 silly addNameRange   hasData: false }
431 silly mapToRegistry name minimatch
432 silly mapToRegistry using default registry
433 silly mapToRegistry registry https://registry.npmjs.org/
434 silly mapToRegistry data Result {
434 silly mapToRegistry   raw: 'minimatch',
434 silly mapToRegistry   scope: null,
434 silly mapToRegistry   name: 'minimatch',
434 silly mapToRegistry   rawSpec: '',
434 silly mapToRegistry   spec: 'latest',
434 silly mapToRegistry   type: 'tag' }
435 silly mapToRegistry uri https://registry.npmjs.org/minimatch
436 verbose addNameRange registry:https://registry.npmjs.org/minimatch not in flight; fetching
437 verbose get https://registry.npmjs.org/inherits not expired, no request
438 silly addNameRange number 2 { name: 'inherits', range: '>=2.0.0 <3.0.0', hasData: true }
439 silly addNameRange versions [ 'inherits', [ '1.0.0', '2.0.0', '2.0.1', '1.0.1', '1.0.2' ] ]
440 silly addNamed inherits@2.0.1
441 verbose addNamed "2.0.1" is a plain semver version for inherits
442 verbose get https://registry.npmjs.org/minimatch not expired, no request
443 silly addNameRange number 2 { name: 'minimatch',
443 silly addNameRange   range: '>=2.0.0 <3.0.0||>=3.0.0 <4.0.0',
443 silly addNameRange   hasData: true }
444 silly addNameRange versions [ 'minimatch',
444 silly addNameRange   [ '0.0.1',
444 silly addNameRange     '0.0.2',
444 silly addNameRange     '0.0.4',
444 silly addNameRange     '0.0.5',
444 silly addNameRange     '0.1.1',
444 silly addNameRange     '0.1.2',
444 silly addNameRange     '0.1.3',
444 silly addNameRange     '0.1.4',
444 silly addNameRange     '0.1.5',
444 silly addNameRange     '0.2.0',
444 silly addNameRange     '0.2.2',
444 silly addNameRange     '0.2.3',
444 silly addNameRange     '0.2.4',
444 silly addNameRange     '0.2.5',
444 silly addNameRange     '0.2.6',
444 silly addNameRange     '0.2.7',
444 silly addNameRange     '0.2.8',
444 silly addNameRange     '0.2.9',
444 silly addNameRange     '0.2.10',
444 silly addNameRange     '0.2.11',
444 silly addNameRange     '0.2.12',
444 silly addNameRange     '0.2.13',
444 silly addNameRange     '0.2.14',
444 silly addNameRange     '0.3.0',
444 silly addNameRange     '0.4.0',
444 silly addNameRange     '1.0.0',
444 silly addNameRange     '2.0.0',
444 silly addNameRange     '2.0.1',
444 silly addNameRange     '2.0.2',
444 silly addNameRange     '2.0.3',
444 silly addNameRange     '2.0.4',
444 silly addNameRange     '2.0.5',
444 silly addNameRange     '2.0.6',
444 silly addNameRange     '2.0.7',
444 silly addNameRange     '2.0.8',
444 silly addNameRange     '2.0.9',
444 silly addNameRange     '2.0.10',
444 silly addNameRange     '3.0.0' ] ]
445 silly addNamed minimatch@3.0.0
446 verbose addNamed "3.0.0" is a plain semver version for minimatch
447 http 304 https://registry.npmjs.org/inflight
448 verbose headers { date: 'Mon, 18 Apr 2016 02:46:38 GMT',
448 verbose headers   via: '1.1 varnish',
448 verbose headers   'cache-control': 'max-age=300',
448 verbose headers   etag: '"AYD7KENJNHXM5Z0WKMT2D06HW"',
448 verbose headers   age: '224',
448 verbose headers   connection: 'keep-alive',
448 verbose headers   'x-served-by': 'cache-nrt6130-NRT',
448 verbose headers   'x-cache': 'HIT',
448 verbose headers   'x-cache-hits': '9',
448 verbose headers   'x-timer': 'S1460947598.836913,VS0,VE0',
448 verbose headers   vary: 'Accept-Encoding' }
449 silly get cb [ 304,
449 silly get   { date: 'Mon, 18 Apr 2016 02:46:38 GMT',
449 silly get     via: '1.1 varnish',
449 silly get     'cache-control': 'max-age=300',
449 silly get     etag: '"AYD7KENJNHXM5Z0WKMT2D06HW"',
449 silly get     age: '224',
449 silly get     connection: 'keep-alive',
449 silly get     'x-served-by': 'cache-nrt6130-NRT',
449 silly get     'x-cache': 'HIT',
449 silly get     'x-cache-hits': '9',
449 silly get     'x-timer': 'S1460947598.836913,VS0,VE0',
449 silly get     vary: 'Accept-Encoding' } ]
450 verbose etag https://registry.npmjs.org/inflight from cache
451 verbose get saving inflight to C:\Users\yang\AppData\Roaming\npm-cache\registry.npmjs.org\inflight\.cache.json
452 verbose correctMkdir C:\Users\yang\AppData\Roaming\npm-cache correctMkdir not in flight; initializing
453 silly cache afterAdd inherits@2.0.1
454 verbose afterAdd C:\Users\yang\AppData\Roaming\npm-cache\inherits\2.0.1\package\package.json not in flight; writing
455 verbose correctMkdir C:\Users\yang\AppData\Roaming\npm-cache correctMkdir not in flight; initializing
456 http 304 https://registry.npmjs.org/once
457 verbose headers { date: 'Mon, 18 Apr 2016 02:46:38 GMT',
457 verbose headers   via: '1.1 varnish',
457 verbose headers   'cache-control': 'max-age=300',
457 verbose headers   etag: '"19BC5SB4QCK4KR5ZAJCMUBZ3M"',
457 verbose headers   age: '257',
457 verbose headers   connection: 'keep-alive',
457 verbose headers   'x-served-by': 'cache-nrt6126-NRT',
457 verbose headers   'x-cache': 'HIT',
457 verbose headers   'x-cache-hits': '7',
457 verbose headers   'x-timer': 'S1460947598.843429,VS0,VE0',
457 verbose headers   vary: 'Accept-Encoding' }
458 silly get cb [ 304,
458 silly get   { date: 'Mon, 18 Apr 2016 02:46:38 GMT',
458 silly get     via: '1.1 varnish',
458 silly get     'cache-control': 'max-age=300',
458 silly get     etag: '"19BC5SB4QCK4KR5ZAJCMUBZ3M"',
458 silly get     age: '257',
458 silly get     connection: 'keep-alive',
458 silly get     'x-served-by': 'cache-nrt6126-NRT',
458 silly get     'x-cache': 'HIT',
458 silly get     'x-cache-hits': '7',
458 silly get     'x-timer': 'S1460947598.843429,VS0,VE0',
458 silly get     vary: 'Accept-Encoding' } ]
459 verbose etag https://registry.npmjs.org/once from cache
460 verbose get saving once to C:\Users\yang\AppData\Roaming\npm-cache\registry.npmjs.org\once\.cache.json
461 verbose correctMkdir C:\Users\yang\AppData\Roaming\npm-cache correctMkdir not in flight; initializing
462 silly resolveWithNewModule path-is-absolute@1.0.0 checking installable status
463 silly cache add args [ 'path-is-absolute@^1.0.0', null ]
464 verbose cache add spec path-is-absolute@^1.0.0
465 silly cache add parsed spec Result {
465 silly cache add   raw: 'path-is-absolute@^1.0.0',
465 silly cache add   scope: null,
465 silly cache add   name: 'path-is-absolute',
465 silly cache add   rawSpec: '^1.0.0',
465 silly cache add   spec: '>=1.0.0 <2.0.0',
465 silly cache add   type: 'range' }
466 silly addNamed path-is-absolute@>=1.0.0 <2.0.0
467 verbose addNamed ">=1.0.0 <2.0.0" is a valid semver range for path-is-absolute
468 silly addNameRange { name: 'path-is-absolute',
468 silly addNameRange   range: '>=1.0.0 <2.0.0',
468 silly addNameRange   hasData: false }
469 silly mapToRegistry name path-is-absolute
470 silly mapToRegistry using default registry
471 silly mapToRegistry registry https://registry.npmjs.org/
472 silly mapToRegistry data Result {
472 silly mapToRegistry   raw: 'path-is-absolute',
472 silly mapToRegistry   scope: null,
472 silly mapToRegistry   name: 'path-is-absolute',
472 silly mapToRegistry   rawSpec: '',
472 silly mapToRegistry   spec: 'latest',
472 silly mapToRegistry   type: 'tag' }
473 silly mapToRegistry uri https://registry.npmjs.org/path-is-absolute
474 verbose addNameRange registry:https://registry.npmjs.org/path-is-absolute not in flight; fetching
475 silly cache afterAdd minimatch@3.0.0
476 verbose afterAdd C:\Users\yang\AppData\Roaming\npm-cache\minimatch\3.0.0\package\package.json not in flight; writing
477 verbose correctMkdir C:\Users\yang\AppData\Roaming\npm-cache correctMkdir not in flight; initializing
478 verbose get https://registry.npmjs.org/path-is-absolute not expired, no request
479 silly addNameRange number 2 { name: 'path-is-absolute',
479 silly addNameRange   range: '>=1.0.0 <2.0.0',
479 silly addNameRange   hasData: true }
480 silly addNameRange versions [ 'path-is-absolute', [ '1.0.0' ] ]
481 silly addNamed path-is-absolute@1.0.0
482 verbose addNamed "1.0.0" is a plain semver version for path-is-absolute
483 silly resolveWithNewModule inflight@1.0.4 checking installable status
484 silly cache add args [ 'inflight@^1.0.4', null ]
485 verbose cache add spec inflight@^1.0.4
486 silly cache add parsed spec Result {
486 silly cache add   raw: 'inflight@^1.0.4',
486 silly cache add   scope: null,
486 silly cache add   name: 'inflight',
486 silly cache add   rawSpec: '^1.0.4',
486 silly cache add   spec: '>=1.0.4 <2.0.0',
486 silly cache add   type: 'range' }
487 silly addNamed inflight@>=1.0.4 <2.0.0
488 verbose addNamed ">=1.0.4 <2.0.0" is a valid semver range for inflight
489 silly addNameRange { name: 'inflight', range: '>=1.0.4 <2.0.0', hasData: false }
490 silly mapToRegistry name inflight
491 silly mapToRegistry using default registry
492 silly mapToRegistry registry https://registry.npmjs.org/
493 silly mapToRegistry data Result {
493 silly mapToRegistry   raw: 'inflight',
493 silly mapToRegistry   scope: null,
493 silly mapToRegistry   name: 'inflight',
493 silly mapToRegistry   rawSpec: '',
493 silly mapToRegistry   spec: 'latest',
493 silly mapToRegistry   type: 'tag' }
494 silly mapToRegistry uri https://registry.npmjs.org/inflight
495 verbose addNameRange registry:https://registry.npmjs.org/inflight not in flight; fetching
496 verbose afterAdd C:\Users\yang\AppData\Roaming\npm-cache\inherits\2.0.1\package\package.json written
497 silly cache afterAdd path-is-absolute@1.0.0
498 verbose afterAdd C:\Users\yang\AppData\Roaming\npm-cache\path-is-absolute\1.0.0\package\package.json not in flight; writing
499 verbose correctMkdir C:\Users\yang\AppData\Roaming\npm-cache correctMkdir not in flight; initializing
500 verbose afterAdd C:\Users\yang\AppData\Roaming\npm-cache\minimatch\3.0.0\package\package.json written
501 silly resolveWithNewModule once@1.3.3 checking installable status
502 silly cache add args [ 'once@^1.3.0', null ]
503 verbose cache add spec once@^1.3.0
504 silly cache add parsed spec Result {
504 silly cache add   raw: 'once@^1.3.0',
504 silly cache add   scope: null,
504 silly cache add   name: 'once',
504 silly cache add   rawSpec: '^1.3.0',
504 silly cache add   spec: '>=1.3.0 <2.0.0',
504 silly cache add   type: 'range' }
505 silly addNamed once@>=1.3.0 <2.0.0
506 verbose addNamed ">=1.3.0 <2.0.0" is a valid semver range for once
507 silly addNameRange { name: 'once', range: '>=1.3.0 <2.0.0', hasData: false }
508 silly mapToRegistry name once
509 silly mapToRegistry using default registry
510 silly mapToRegistry registry https://registry.npmjs.org/
511 silly mapToRegistry data Result {
511 silly mapToRegistry   raw: 'once',
511 silly mapToRegistry   scope: null,
511 silly mapToRegistry   name: 'once',
511 silly mapToRegistry   rawSpec: '',
511 silly mapToRegistry   spec: 'latest',
511 silly mapToRegistry   type: 'tag' }
512 silly mapToRegistry uri https://registry.npmjs.org/once
513 verbose addNameRange registry:https://registry.npmjs.org/once not in flight; fetching
514 verbose get https://registry.npmjs.org/inflight not expired, no request
515 silly addNameRange number 2 { name: 'inflight', range: '>=1.0.4 <2.0.0', hasData: true }
516 silly addNameRange versions [ 'inflight', [ '1.0.0', '1.0.1', '1.0.2', '1.0.3', '1.0.4' ] ]
517 silly addNamed inflight@1.0.4
518 verbose addNamed "1.0.4" is a plain semver version for inflight
519 verbose get https://registry.npmjs.org/once not expired, no request
520 silly addNameRange number 2 { name: 'once', range: '>=1.3.0 <2.0.0', hasData: true }
521 silly addNameRange versions [ 'once',
521 silly addNameRange   [ '1.1.1', '1.2.0', '1.3.0', '1.3.1', '1.3.2', '1.3.3' ] ]
522 silly addNamed once@1.3.3
523 verbose addNamed "1.3.3" is a plain semver version for once
524 verbose afterAdd C:\Users\yang\AppData\Roaming\npm-cache\path-is-absolute\1.0.0\package\package.json written
525 silly cache afterAdd inflight@1.0.4
526 verbose afterAdd C:\Users\yang\AppData\Roaming\npm-cache\inflight\1.0.4\package\package.json not in flight; writing
527 verbose correctMkdir C:\Users\yang\AppData\Roaming\npm-cache correctMkdir not in flight; initializing
528 silly cache afterAdd once@1.3.3
529 verbose afterAdd C:\Users\yang\AppData\Roaming\npm-cache\once\1.3.3\package\package.json not in flight; writing
530 verbose correctMkdir C:\Users\yang\AppData\Roaming\npm-cache correctMkdir not in flight; initializing
531 verbose afterAdd C:\Users\yang\AppData\Roaming\npm-cache\inflight\1.0.4\package\package.json written
532 verbose afterAdd C:\Users\yang\AppData\Roaming\npm-cache\once\1.3.3\package\package.json written
533 silly fetchNamedPackageData wrappy
534 silly mapToRegistry name wrappy
535 silly mapToRegistry using default registry
536 silly mapToRegistry registry https://registry.npmjs.org/
537 silly mapToRegistry data Result {
537 silly mapToRegistry   raw: 'wrappy',
537 silly mapToRegistry   scope: null,
537 silly mapToRegistry   name: 'wrappy',
537 silly mapToRegistry   rawSpec: '',
537 silly mapToRegistry   spec: 'latest',
537 silly mapToRegistry   type: 'tag' }
538 silly mapToRegistry uri https://registry.npmjs.org/wrappy
539 verbose request uri https://registry.npmjs.org/wrappy
540 verbose request no auth needed
541 info attempt registry request try #1 at 10:46:44
542 verbose etag "BC9JAW6E2PQBS8NYYKIYUR99F"
543 http request GET https://registry.npmjs.org/wrappy
544 http 304 https://registry.npmjs.org/wrappy
545 verbose headers { date: 'Mon, 18 Apr 2016 02:46:39 GMT',
545 verbose headers   via: '1.1 varnish',
545 verbose headers   'cache-control': 'max-age=300',
545 verbose headers   etag: '"BC9JAW6E2PQBS8NYYKIYUR99F"',
545 verbose headers   age: '257',
545 verbose headers   connection: 'keep-alive',
545 verbose headers   'x-served-by': 'cache-nrt6134-NRT',
545 verbose headers   'x-cache': 'HIT',
545 verbose headers   'x-cache-hits': '9',
545 verbose headers   'x-timer': 'S1460947599.508671,VS0,VE0',
545 verbose headers   vary: 'Accept-Encoding' }
546 silly get cb [ 304,
546 silly get   { date: 'Mon, 18 Apr 2016 02:46:39 GMT',
546 silly get     via: '1.1 varnish',
546 silly get     'cache-control': 'max-age=300',
546 silly get     etag: '"BC9JAW6E2PQBS8NYYKIYUR99F"',
546 silly get     age: '257',
546 silly get     connection: 'keep-alive',
546 silly get     'x-served-by': 'cache-nrt6134-NRT',
546 silly get     'x-cache': 'HIT',
546 silly get     'x-cache-hits': '9',
546 silly get     'x-timer': 'S1460947599.508671,VS0,VE0',
546 silly get     vary: 'Accept-Encoding' } ]
547 verbose etag https://registry.npmjs.org/wrappy from cache
548 verbose get saving wrappy to C:\Users\yang\AppData\Roaming\npm-cache\registry.npmjs.org\wrappy\.cache.json
549 verbose correctMkdir C:\Users\yang\AppData\Roaming\npm-cache correctMkdir not in flight; initializing
550 silly resolveWithNewModule wrappy@1.0.1 checking installable status
551 silly cache add args [ 'wrappy@1', null ]
552 verbose cache add spec wrappy@1
553 silly cache add parsed spec Result {
553 silly cache add   raw: 'wrappy@1',
553 silly cache add   scope: null,
553 silly cache add   name: 'wrappy',
553 silly cache add   rawSpec: '1',
553 silly cache add   spec: '>=1.0.0 <2.0.0',
553 silly cache add   type: 'range' }
554 silly addNamed wrappy@>=1.0.0 <2.0.0
555 verbose addNamed ">=1.0.0 <2.0.0" is a valid semver range for wrappy
556 silly addNameRange { name: 'wrappy', range: '>=1.0.0 <2.0.0', hasData: false }
557 silly mapToRegistry name wrappy
558 silly mapToRegistry using default registry
559 silly mapToRegistry registry https://registry.npmjs.org/
560 silly mapToRegistry data Result {
560 silly mapToRegistry   raw: 'wrappy',
560 silly mapToRegistry   scope: null,
560 silly mapToRegistry   name: 'wrappy',
560 silly mapToRegistry   rawSpec: '',
560 silly mapToRegistry   spec: 'latest',
560 silly mapToRegistry   type: 'tag' }
561 silly mapToRegistry uri https://registry.npmjs.org/wrappy
562 verbose addNameRange registry:https://registry.npmjs.org/wrappy not in flight; fetching
563 verbose get https://registry.npmjs.org/wrappy not expired, no request
564 silly addNameRange number 2 { name: 'wrappy', range: '>=1.0.0 <2.0.0', hasData: true }
565 silly addNameRange versions [ 'wrappy', [ '1.0.0', '1.0.1' ] ]
566 silly addNamed wrappy@1.0.1
567 verbose addNamed "1.0.1" is a plain semver version for wrappy
568 silly cache afterAdd wrappy@1.0.1
569 verbose afterAdd C:\Users\yang\AppData\Roaming\npm-cache\wrappy\1.0.1\package\package.json not in flight; writing
570 verbose correctMkdir C:\Users\yang\AppData\Roaming\npm-cache correctMkdir not in flight; initializing
571 verbose afterAdd C:\Users\yang\AppData\Roaming\npm-cache\wrappy\1.0.1\package\package.json written
572 silly fetchNamedPackageData brace-expansion
573 silly mapToRegistry name brace-expansion
574 silly mapToRegistry using default registry
575 silly mapToRegistry registry https://registry.npmjs.org/
576 silly mapToRegistry data Result {
576 silly mapToRegistry   raw: 'brace-expansion',
576 silly mapToRegistry   scope: null,
576 silly mapToRegistry   name: 'brace-expansion',
576 silly mapToRegistry   rawSpec: '',
576 silly mapToRegistry   spec: 'latest',
576 silly mapToRegistry   type: 'tag' }
577 silly mapToRegistry uri https://registry.npmjs.org/brace-expansion
578 verbose request uri https://registry.npmjs.org/brace-expansion
579 verbose request no auth needed
580 info attempt registry request try #1 at 10:46:44
581 verbose etag "9MB4GW1V361IHI8FF58TT6D7W"
582 http request GET https://registry.npmjs.org/brace-expansion
583 http 304 https://registry.npmjs.org/brace-expansion
584 verbose headers { date: 'Mon, 18 Apr 2016 02:46:40 GMT',
584 verbose headers   via: '1.1 varnish',
584 verbose headers   'cache-control': 'max-age=300',
584 verbose headers   etag: '"9MB4GW1V361IHI8FF58TT6D7W"',
584 verbose headers   age: '185',
584 verbose headers   connection: 'keep-alive',
584 verbose headers   'x-served-by': 'cache-nrt6121-NRT',
584 verbose headers   'x-cache': 'HIT',
584 verbose headers   'x-cache-hits': '9',
584 verbose headers   'x-timer': 'S1460947600.131450,VS0,VE0',
584 verbose headers   vary: 'Accept-Encoding' }
585 silly get cb [ 304,
585 silly get   { date: 'Mon, 18 Apr 2016 02:46:40 GMT',
585 silly get     via: '1.1 varnish',
585 silly get     'cache-control': 'max-age=300',
585 silly get     etag: '"9MB4GW1V361IHI8FF58TT6D7W"',
585 silly get     age: '185',
585 silly get     connection: 'keep-alive',
585 silly get     'x-served-by': 'cache-nrt6121-NRT',
585 silly get     'x-cache': 'HIT',
585 silly get     'x-cache-hits': '9',
585 silly get     'x-timer': 'S1460947600.131450,VS0,VE0',
585 silly get     vary: 'Accept-Encoding' } ]
586 verbose etag https://registry.npmjs.org/brace-expansion from cache
587 verbose get saving brace-expansion to C:\Users\yang\AppData\Roaming\npm-cache\registry.npmjs.org\brace-expansion\.cache.json
588 verbose correctMkdir C:\Users\yang\AppData\Roaming\npm-cache correctMkdir not in flight; initializing
589 silly resolveWithNewModule brace-expansion@1.1.3 checking installable status
590 silly cache add args [ 'brace-expansion@^1.0.0', null ]
591 verbose cache add spec brace-expansion@^1.0.0
592 silly cache add parsed spec Result {
592 silly cache add   raw: 'brace-expansion@^1.0.0',
592 silly cache add   scope: null,
592 silly cache add   name: 'brace-expansion',
592 silly cache add   rawSpec: '^1.0.0',
592 silly cache add   spec: '>=1.0.0 <2.0.0',
592 silly cache add   type: 'range' }
593 silly addNamed brace-expansion@>=1.0.0 <2.0.0
594 verbose addNamed ">=1.0.0 <2.0.0" is a valid semver range for brace-expansion
595 silly addNameRange { name: 'brace-expansion',
595 silly addNameRange   range: '>=1.0.0 <2.0.0',
595 silly addNameRange   hasData: false }
596 silly mapToRegistry name brace-expansion
597 silly mapToRegistry using default registry
598 silly mapToRegistry registry https://registry.npmjs.org/
599 silly mapToRegistry data Result {
599 silly mapToRegistry   raw: 'brace-expansion',
599 silly mapToRegistry   scope: null,
599 silly mapToRegistry   name: 'brace-expansion',
599 silly mapToRegistry   rawSpec: '',
599 silly mapToRegistry   spec: 'latest',
599 silly mapToRegistry   type: 'tag' }
600 silly mapToRegistry uri https://registry.npmjs.org/brace-expansion
601 verbose addNameRange registry:https://registry.npmjs.org/brace-expansion not in flight; fetching
602 verbose get https://registry.npmjs.org/brace-expansion not expired, no request
603 silly addNameRange number 2 { name: 'brace-expansion',
603 silly addNameRange   range: '>=1.0.0 <2.0.0',
603 silly addNameRange   hasData: true }
604 silly addNameRange versions [ 'brace-expansion',
604 silly addNameRange   [ '0.0.0', '1.0.0', '1.0.1', '1.1.0', '1.1.1', '1.1.2', '1.1.3' ] ]
605 silly addNamed brace-expansion@1.1.3
606 verbose addNamed "1.1.3" is a plain semver version for brace-expansion
607 silly cache afterAdd brace-expansion@1.1.3
608 verbose afterAdd C:\Users\yang\AppData\Roaming\npm-cache\brace-expansion\1.1.3\package\package.json not in flight; writing
609 verbose correctMkdir C:\Users\yang\AppData\Roaming\npm-cache correctMkdir not in flight; initializing
610 verbose afterAdd C:\Users\yang\AppData\Roaming\npm-cache\brace-expansion\1.1.3\package\package.json written
611 silly fetchNamedPackageData balanced-match
612 silly mapToRegistry name balanced-match
613 silly mapToRegistry using default registry
614 silly mapToRegistry registry https://registry.npmjs.org/
615 silly mapToRegistry data Result {
615 silly mapToRegistry   raw: 'balanced-match',
615 silly mapToRegistry   scope: null,
615 silly mapToRegistry   name: 'balanced-match',
615 silly mapToRegistry   rawSpec: '',
615 silly mapToRegistry   spec: 'latest',
615 silly mapToRegistry   type: 'tag' }
616 silly mapToRegistry uri https://registry.npmjs.org/balanced-match
617 silly fetchNamedPackageData concat-map
618 silly mapToRegistry name concat-map
619 silly mapToRegistry using default registry
620 silly mapToRegistry registry https://registry.npmjs.org/
621 silly mapToRegistry data Result {
621 silly mapToRegistry   raw: 'concat-map',
621 silly mapToRegistry   scope: null,
621 silly mapToRegistry   name: 'concat-map',
621 silly mapToRegistry   rawSpec: '',
621 silly mapToRegistry   spec: 'latest',
621 silly mapToRegistry   type: 'tag' }
622 silly mapToRegistry uri https://registry.npmjs.org/concat-map
623 verbose request uri https://registry.npmjs.org/balanced-match
624 verbose request no auth needed
625 info attempt registry request try #1 at 10:46:45
626 verbose etag "2UCIXDVPHPVG0UBO9EWI4V9XC"
627 http request GET https://registry.npmjs.org/balanced-match
628 verbose request uri https://registry.npmjs.org/concat-map
629 verbose request no auth needed
630 info attempt registry request try #1 at 10:46:45
631 verbose etag "66LI2B4AH1989LYDFSL4P944A"
632 http request GET https://registry.npmjs.org/concat-map
633 http 304 https://registry.npmjs.org/balanced-match
634 verbose headers { date: 'Mon, 18 Apr 2016 02:46:40 GMT',
634 verbose headers   via: '1.1 varnish',
634 verbose headers   'cache-control': 'max-age=300',
634 verbose headers   etag: '"2UCIXDVPHPVG0UBO9EWI4V9XC"',
634 verbose headers   age: '276',
634 verbose headers   connection: 'keep-alive',
634 verbose headers   'x-served-by': 'cache-nrt6121-NRT',
634 verbose headers   'x-cache': 'HIT',
634 verbose headers   'x-cache-hits': '16',
634 verbose headers   'x-timer': 'S1460947600.752822,VS0,VE0',
634 verbose headers   vary: 'Accept-Encoding' }
635 silly get cb [ 304,
635 silly get   { date: 'Mon, 18 Apr 2016 02:46:40 GMT',
635 silly get     via: '1.1 varnish',
635 silly get     'cache-control': 'max-age=300',
635 silly get     etag: '"2UCIXDVPHPVG0UBO9EWI4V9XC"',
635 silly get     age: '276',
635 silly get     connection: 'keep-alive',
635 silly get     'x-served-by': 'cache-nrt6121-NRT',
635 silly get     'x-cache': 'HIT',
635 silly get     'x-cache-hits': '16',
635 silly get     'x-timer': 'S1460947600.752822,VS0,VE0',
635 silly get     vary: 'Accept-Encoding' } ]
636 verbose etag https://registry.npmjs.org/balanced-match from cache
637 verbose get saving balanced-match to C:\Users\yang\AppData\Roaming\npm-cache\registry.npmjs.org\balanced-match\.cache.json
638 verbose correctMkdir C:\Users\yang\AppData\Roaming\npm-cache correctMkdir not in flight; initializing
639 silly resolveWithNewModule balanced-match@0.3.0 checking installable status
640 silly cache add args [ 'balanced-match@^0.3.0', null ]
641 verbose cache add spec balanced-match@^0.3.0
642 silly cache add parsed spec Result {
642 silly cache add   raw: 'balanced-match@^0.3.0',
642 silly cache add   scope: null,
642 silly cache add   name: 'balanced-match',
642 silly cache add   rawSpec: '^0.3.0',
642 silly cache add   spec: '>=0.3.0 <0.4.0',
642 silly cache add   type: 'range' }
643 silly addNamed balanced-match@>=0.3.0 <0.4.0
644 verbose addNamed ">=0.3.0 <0.4.0" is a valid semver range for balanced-match
645 silly addNameRange { name: 'balanced-match',
645 silly addNameRange   range: '>=0.3.0 <0.4.0',
645 silly addNameRange   hasData: false }
646 silly mapToRegistry name balanced-match
647 silly mapToRegistry using default registry
648 silly mapToRegistry registry https://registry.npmjs.org/
649 silly mapToRegistry data Result {
649 silly mapToRegistry   raw: 'balanced-match',
649 silly mapToRegistry   scope: null,
649 silly mapToRegistry   name: 'balanced-match',
649 silly mapToRegistry   rawSpec: '',
649 silly mapToRegistry   spec: 'latest',
649 silly mapToRegistry   type: 'tag' }
650 silly mapToRegistry uri https://registry.npmjs.org/balanced-match
651 verbose addNameRange registry:https://registry.npmjs.org/balanced-match not in flight; fetching
652 verbose get https://registry.npmjs.org/balanced-match not expired, no request
653 silly addNameRange number 2 { name: 'balanced-match',
653 silly addNameRange   range: '>=0.3.0 <0.4.0',
653 silly addNameRange   hasData: true }
654 silly addNameRange versions [ 'balanced-match',
654 silly addNameRange   [ '0.0.0', '0.0.1', '0.1.0', '0.2.0', '0.2.1', '0.3.0', '0.4.0' ] ]
655 silly addNamed balanced-match@0.3.0
656 verbose addNamed "0.3.0" is a plain semver version for balanced-match
657 silly cache afterAdd balanced-match@0.3.0
658 verbose afterAdd C:\Users\yang\AppData\Roaming\npm-cache\balanced-match\0.3.0\package\package.json not in flight; writing
659 verbose correctMkdir C:\Users\yang\AppData\Roaming\npm-cache correctMkdir not in flight; initializing
660 http 304 https://registry.npmjs.org/concat-map
661 verbose headers { date: 'Mon, 18 Apr 2016 02:46:40 GMT',
661 verbose headers   via: '1.1 varnish',
661 verbose headers   'cache-control': 'max-age=300',
661 verbose headers   etag: '"66LI2B4AH1989LYDFSL4P944A"',
661 verbose headers   age: '138',
661 verbose headers   connection: 'keep-alive',
661 verbose headers   'x-served-by': 'cache-nrt6128-NRT',
661 verbose headers   'x-cache': 'HIT',
661 verbose headers   'x-cache-hits': '6',
661 verbose headers   'x-timer': 'S1460947600.777675,VS0,VE0',
661 verbose headers   vary: 'Accept-Encoding' }
662 silly get cb [ 304,
662 silly get   { date: 'Mon, 18 Apr 2016 02:46:40 GMT',
662 silly get     via: '1.1 varnish',
662 silly get     'cache-control': 'max-age=300',
662 silly get     etag: '"66LI2B4AH1989LYDFSL4P944A"',
662 silly get     age: '138',
662 silly get     connection: 'keep-alive',
662 silly get     'x-served-by': 'cache-nrt6128-NRT',
662 silly get     'x-cache': 'HIT',
662 silly get     'x-cache-hits': '6',
662 silly get     'x-timer': 'S1460947600.777675,VS0,VE0',
662 silly get     vary: 'Accept-Encoding' } ]
663 verbose etag https://registry.npmjs.org/concat-map from cache
664 verbose get saving concat-map to C:\Users\yang\AppData\Roaming\npm-cache\registry.npmjs.org\concat-map\.cache.json
665 verbose correctMkdir C:\Users\yang\AppData\Roaming\npm-cache correctMkdir not in flight; initializing
666 silly resolveWithNewModule concat-map@0.0.1 checking installable status
667 silly cache add args [ 'concat-map@0.0.1', null ]
668 verbose cache add spec concat-map@0.0.1
669 silly cache add parsed spec Result {
669 silly cache add   raw: 'concat-map@0.0.1',
669 silly cache add   scope: null,
669 silly cache add   name: 'concat-map',
669 silly cache add   rawSpec: '0.0.1',
669 silly cache add   spec: '0.0.1',
669 silly cache add   type: 'version' }
670 silly addNamed concat-map@0.0.1
671 verbose addNamed "0.0.1" is a plain semver version for concat-map
672 silly mapToRegistry name concat-map
673 silly mapToRegistry using default registry
674 silly mapToRegistry registry https://registry.npmjs.org/
675 silly mapToRegistry data Result {
675 silly mapToRegistry   raw: 'concat-map',
675 silly mapToRegistry   scope: null,
675 silly mapToRegistry   name: 'concat-map',
675 silly mapToRegistry   rawSpec: '',
675 silly mapToRegistry   spec: 'latest',
675 silly mapToRegistry   type: 'tag' }
676 silly mapToRegistry uri https://registry.npmjs.org/concat-map
677 verbose addNameVersion registry:https://registry.npmjs.org/concat-map not in flight; fetching
678 verbose afterAdd C:\Users\yang\AppData\Roaming\npm-cache\balanced-match\0.3.0\package\package.json written
679 verbose get https://registry.npmjs.org/concat-map not expired, no request
680 silly cache afterAdd concat-map@0.0.1
681 verbose afterAdd C:\Users\yang\AppData\Roaming\npm-cache\concat-map\0.0.1\package\package.json not in flight; writing
682 verbose correctMkdir C:\Users\yang\AppData\Roaming\npm-cache correctMkdir not in flight; initializing
683 verbose afterAdd C:\Users\yang\AppData\Roaming\npm-cache\concat-map\0.0.1\package\package.json written
684 silly fetchNamedPackageData abbrev
685 silly mapToRegistry name abbrev
686 silly mapToRegistry using default registry
687 silly mapToRegistry registry https://registry.npmjs.org/
688 silly mapToRegistry data Result {
688 silly mapToRegistry   raw: 'abbrev',
688 silly mapToRegistry   scope: null,
688 silly mapToRegistry   name: 'abbrev',
688 silly mapToRegistry   rawSpec: '',
688 silly mapToRegistry   spec: 'latest',
688 silly mapToRegistry   type: 'tag' }
689 silly mapToRegistry uri https://registry.npmjs.org/abbrev
690 verbose request uri https://registry.npmjs.org/abbrev
691 verbose request no auth needed
692 info attempt registry request try #1 at 10:46:46
693 verbose etag "5COR5F08LNF679JR9VE4E6VZW"
694 http request GET https://registry.npmjs.org/abbrev
695 http 304 https://registry.npmjs.org/abbrev
696 verbose headers { date: 'Mon, 18 Apr 2016 02:46:41 GMT',
696 verbose headers   via: '1.1 varnish',
696 verbose headers   'cache-control': 'max-age=300',
696 verbose headers   etag: '"5COR5F08LNF679JR9VE4E6VZW"',
696 verbose headers   age: '229',
696 verbose headers   connection: 'keep-alive',
696 verbose headers   'x-served-by': 'cache-nrt6131-NRT',
696 verbose headers   'x-cache': 'HIT',
696 verbose headers   'x-cache-hits': '3',
696 verbose headers   'x-timer': 'S1460947601.399329,VS0,VE0',
696 verbose headers   vary: 'Accept-Encoding' }
697 silly get cb [ 304,
697 silly get   { date: 'Mon, 18 Apr 2016 02:46:41 GMT',
697 silly get     via: '1.1 varnish',
697 silly get     'cache-control': 'max-age=300',
697 silly get     etag: '"5COR5F08LNF679JR9VE4E6VZW"',
697 silly get     age: '229',
697 silly get     connection: 'keep-alive',
697 silly get     'x-served-by': 'cache-nrt6131-NRT',
697 silly get     'x-cache': 'HIT',
697 silly get     'x-cache-hits': '3',
697 silly get     'x-timer': 'S1460947601.399329,VS0,VE0',
697 silly get     vary: 'Accept-Encoding' } ]
698 verbose etag https://registry.npmjs.org/abbrev from cache
699 verbose get saving abbrev to C:\Users\yang\AppData\Roaming\npm-cache\registry.npmjs.org\abbrev\.cache.json
700 verbose correctMkdir C:\Users\yang\AppData\Roaming\npm-cache correctMkdir not in flight; initializing
701 silly resolveWithNewModule abbrev@1.0.7 checking installable status
702 silly cache add args [ 'abbrev@1', null ]
703 verbose cache add spec abbrev@1
704 silly cache add parsed spec Result {
704 silly cache add   raw: 'abbrev@1',
704 silly cache add   scope: null,
704 silly cache add   name: 'abbrev',
704 silly cache add   rawSpec: '1',
704 silly cache add   spec: '>=1.0.0 <2.0.0',
704 silly cache add   type: 'range' }
705 silly addNamed abbrev@>=1.0.0 <2.0.0
706 verbose addNamed ">=1.0.0 <2.0.0" is a valid semver range for abbrev
707 silly addNameRange { name: 'abbrev', range: '>=1.0.0 <2.0.0', hasData: false }
708 silly mapToRegistry name abbrev
709 silly mapToRegistry using default registry
710 silly mapToRegistry registry https://registry.npmjs.org/
711 silly mapToRegistry data Result {
711 silly mapToRegistry   raw: 'abbrev',
711 silly mapToRegistry   scope: null,
711 silly mapToRegistry   name: 'abbrev',
711 silly mapToRegistry   rawSpec: '',
711 silly mapToRegistry   spec: 'latest',
711 silly mapToRegistry   type: 'tag' }
712 silly mapToRegistry uri https://registry.npmjs.org/abbrev
713 verbose addNameRange registry:https://registry.npmjs.org/abbrev not in flight; fetching
714 verbose get https://registry.npmjs.org/abbrev not expired, no request
715 silly addNameRange number 2 { name: 'abbrev', range: '>=1.0.0 <2.0.0', hasData: true }
716 silly addNameRange versions [ 'abbrev', [ '1.0.3', '1.0.4', '1.0.5', '1.0.6', '1.0.7' ] ]
717 silly addNamed abbrev@1.0.7
718 verbose addNamed "1.0.7" is a plain semver version for abbrev
719 silly cache afterAdd abbrev@1.0.7
720 verbose afterAdd C:\Users\yang\AppData\Roaming\npm-cache\abbrev\1.0.7\package\package.json not in flight; writing
721 verbose correctMkdir C:\Users\yang\AppData\Roaming\npm-cache correctMkdir not in flight; initializing
722 verbose afterAdd C:\Users\yang\AppData\Roaming\npm-cache\abbrev\1.0.7\package\package.json written
723 silly loadAllDepsIntoIdealTree Finishing
724 silly idealTree:prePrune nodejs
724 silly idealTree:prePrune `-- grunt-cli@1.2.0
724 silly idealTree:prePrune   +-- abbrev@1.0.7
724 silly idealTree:prePrune   +-- balanced-match@0.3.0
724 silly idealTree:prePrune   +-- brace-expansion@1.1.3
724 silly idealTree:prePrune   +-- concat-map@0.0.1
724 silly idealTree:prePrune   +-- findup-sync@0.3.0
724 silly idealTree:prePrune   +-- glob@5.0.15
724 silly idealTree:prePrune   +-- grunt-known-options@1.1.0
724 silly idealTree:prePrune   +-- inflight@1.0.4
724 silly idealTree:prePrune   +-- inherits@2.0.1
724 silly idealTree:prePrune   +-- minimatch@3.0.0
724 silly idealTree:prePrune   +-- nopt@3.0.6
724 silly idealTree:prePrune   +-- once@1.3.3
724 silly idealTree:prePrune   +-- path-is-absolute@1.0.0
724 silly idealTree:prePrune   +-- resolve@1.1.7
724 silly idealTree:prePrune   `-- wrappy@1.0.1
725 silly loadIdealTree Finishing
726 silly currentTree nodejs
727 silly idealTree nodejs
727 silly idealTree `-- grunt-cli@1.2.0
727 silly idealTree   +-- abbrev@1.0.7
727 silly idealTree   +-- balanced-match@0.3.0
727 silly idealTree   +-- brace-expansion@1.1.3
727 silly idealTree   +-- concat-map@0.0.1
727 silly idealTree   +-- findup-sync@0.3.0
727 silly idealTree   +-- glob@5.0.15
727 silly idealTree   +-- grunt-known-options@1.1.0
727 silly idealTree   +-- inflight@1.0.4
727 silly idealTree   +-- inherits@2.0.1
727 silly idealTree   +-- minimatch@3.0.0
727 silly idealTree   +-- nopt@3.0.6
727 silly idealTree   +-- once@1.3.3
727 silly idealTree   +-- path-is-absolute@1.0.0
727 silly idealTree   +-- resolve@1.1.7
727 silly idealTree   `-- wrappy@1.0.1
728 silly generateActionsToTake Starting
729 silly install generateActionsToTake
730 silly generateActionsToTake Finishing
731 silly diffTrees action count 16
732 silly diffTrees add abbrev@1.0.7
733 silly diffTrees add balanced-match@0.3.0
734 silly diffTrees add concat-map@0.0.1
735 silly diffTrees add brace-expansion@1.1.3
736 silly diffTrees add grunt-known-options@1.1.0
737 silly diffTrees add inherits@2.0.1
738 silly diffTrees add minimatch@3.0.0
739 silly diffTrees add nopt@3.0.6
740 silly diffTrees add path-is-absolute@1.0.0
741 silly diffTrees add resolve@1.1.7
742 silly diffTrees add wrappy@1.0.1
743 silly diffTrees add once@1.3.3
744 silly diffTrees add inflight@1.0.4
745 silly diffTrees add glob@5.0.15
746 silly diffTrees add findup-sync@0.3.0
747 silly diffTrees add grunt-cli@1.2.0
748 silly decomposeActions action count 128
749 silly decomposeActions fetch abbrev@1.0.7
750 silly decomposeActions extract abbrev@1.0.7
751 silly decomposeActions test abbrev@1.0.7
752 silly decomposeActions preinstall abbrev@1.0.7
753 silly decomposeActions build abbrev@1.0.7
754 silly decomposeActions install abbrev@1.0.7
755 silly decomposeActions postinstall abbrev@1.0.7
756 silly decomposeActions finalize abbrev@1.0.7
757 silly decomposeActions fetch balanced-match@0.3.0
758 silly decomposeActions extract balanced-match@0.3.0
759 silly decomposeActions test balanced-match@0.3.0
760 silly decomposeActions preinstall balanced-match@0.3.0
761 silly decomposeActions build balanced-match@0.3.0
762 silly decomposeActions install balanced-match@0.3.0
763 silly decomposeActions postinstall balanced-match@0.3.0
764 silly decomposeActions finalize balanced-match@0.3.0
765 silly decomposeActions fetch concat-map@0.0.1
766 silly decomposeActions extract concat-map@0.0.1
767 silly decomposeActions test concat-map@0.0.1
768 silly decomposeActions preinstall concat-map@0.0.1
769 silly decomposeActions build concat-map@0.0.1
770 silly decomposeActions install concat-map@0.0.1
771 silly decomposeActions postinstall concat-map@0.0.1
772 silly decomposeActions finalize concat-map@0.0.1
773 silly decomposeActions fetch brace-expansion@1.1.3
774 silly decomposeActions extract brace-expansion@1.1.3
775 silly decomposeActions test brace-expansion@1.1.3
776 silly decomposeActions preinstall brace-expansion@1.1.3
777 silly decomposeActions build brace-expansion@1.1.3
778 silly decomposeActions install brace-expansion@1.1.3
779 silly decomposeActions postinstall brace-expansion@1.1.3
780 silly decomposeActions finalize brace-expansion@1.1.3
781 silly decomposeActions fetch grunt-known-options@1.1.0
782 silly decomposeActions extract grunt-known-options@1.1.0
783 silly decomposeActions test grunt-known-options@1.1.0
784 silly decomposeActions preinstall grunt-known-options@1.1.0
785 silly decomposeActions build grunt-known-options@1.1.0
786 silly decomposeActions install grunt-known-options@1.1.0
787 silly decomposeActions postinstall grunt-known-options@1.1.0
788 silly decomposeActions finalize grunt-known-options@1.1.0
789 silly decomposeActions fetch inherits@2.0.1
790 silly decomposeActions extract inherits@2.0.1
791 silly decomposeActions test inherits@2.0.1
792 silly decomposeActions preinstall inherits@2.0.1
793 silly decomposeActions build inherits@2.0.1
794 silly decomposeActions install inherits@2.0.1
795 silly decomposeActions postinstall inherits@2.0.1
796 silly decomposeActions finalize inherits@2.0.1
797 silly decomposeActions fetch minimatch@3.0.0
798 silly decomposeActions extract minimatch@3.0.0
799 silly decomposeActions test minimatch@3.0.0
800 silly decomposeActions preinstall minimatch@3.0.0
801 silly decomposeActions build minimatch@3.0.0
802 silly decomposeActions install minimatch@3.0.0
803 silly decomposeActions postinstall minimatch@3.0.0
804 silly decomposeActions finalize minimatch@3.0.0
805 silly decomposeActions fetch nopt@3.0.6
806 silly decomposeActions extract nopt@3.0.6
807 silly decomposeActions test nopt@3.0.6
808 silly decomposeActions preinstall nopt@3.0.6
809 silly decomposeActions build nopt@3.0.6
810 silly decomposeActions install nopt@3.0.6
811 silly decomposeActions postinstall nopt@3.0.6
812 silly decomposeActions finalize nopt@3.0.6
813 silly decomposeActions fetch path-is-absolute@1.0.0
814 silly decomposeActions extract path-is-absolute@1.0.0
815 silly decomposeActions test path-is-absolute@1.0.0
816 silly decomposeActions preinstall path-is-absolute@1.0.0
817 silly decomposeActions build path-is-absolute@1.0.0
818 silly decomposeActions install path-is-absolute@1.0.0
819 silly decomposeActions postinstall path-is-absolute@1.0.0
820 silly decomposeActions finalize path-is-absolute@1.0.0
821 silly decomposeActions fetch resolve@1.1.7
822 silly decomposeActions extract resolve@1.1.7
823 silly decomposeActions test resolve@1.1.7
824 silly decomposeActions preinstall resolve@1.1.7
825 silly decomposeActions build resolve@1.1.7
826 silly decomposeActions install resolve@1.1.7
827 silly decomposeActions postinstall resolve@1.1.7
828 silly decomposeActions finalize resolve@1.1.7
829 silly decomposeActions fetch wrappy@1.0.1
830 silly decomposeActions extract wrappy@1.0.1
831 silly decomposeActions test wrappy@1.0.1
832 silly decomposeActions preinstall wrappy@1.0.1
833 silly decomposeActions build wrappy@1.0.1
834 silly decomposeActions install wrappy@1.0.1
835 silly decomposeActions postinstall wrappy@1.0.1
836 silly decomposeActions finalize wrappy@1.0.1
837 silly decomposeActions fetch once@1.3.3
838 silly decomposeActions extract once@1.3.3
839 silly decomposeActions test once@1.3.3
840 silly decomposeActions preinstall once@1.3.3
841 silly decomposeActions build once@1.3.3
842 silly decomposeActions install once@1.3.3
843 silly decomposeActions postinstall once@1.3.3
844 silly decomposeActions finalize once@1.3.3
845 silly decomposeActions fetch inflight@1.0.4
846 silly decomposeActions extract inflight@1.0.4
847 silly decomposeActions test inflight@1.0.4
848 silly decomposeActions preinstall inflight@1.0.4
849 silly decomposeActions build inflight@1.0.4
850 silly decomposeActions install inflight@1.0.4
851 silly decomposeActions postinstall inflight@1.0.4
852 silly decomposeActions finalize inflight@1.0.4
853 silly decomposeActions fetch glob@5.0.15
854 silly decomposeActions extract glob@5.0.15
855 silly decomposeActions test glob@5.0.15
856 silly decomposeActions preinstall glob@5.0.15
857 silly decomposeActions build glob@5.0.15
858 silly decomposeActions install glob@5.0.15
859 silly decomposeActions postinstall glob@5.0.15
860 silly decomposeActions finalize glob@5.0.15
861 silly decomposeActions fetch findup-sync@0.3.0
862 silly decomposeActions extract findup-sync@0.3.0
863 silly decomposeActions test findup-sync@0.3.0
864 silly decomposeActions preinstall findup-sync@0.3.0
865 silly decomposeActions build findup-sync@0.3.0
866 silly decomposeActions install findup-sync@0.3.0
867 silly decomposeActions postinstall findup-sync@0.3.0
868 silly decomposeActions finalize findup-sync@0.3.0
869 silly decomposeActions fetch grunt-cli@1.2.0
870 silly decomposeActions extract grunt-cli@1.2.0
871 silly decomposeActions test grunt-cli@1.2.0
872 silly decomposeActions preinstall grunt-cli@1.2.0
873 silly decomposeActions build grunt-cli@1.2.0
874 silly decomposeActions install grunt-cli@1.2.0
875 silly decomposeActions postinstall grunt-cli@1.2.0
876 silly decomposeActions finalize grunt-cli@1.2.0
877 silly executeActions Starting
878 silly install executeActions
879 silly doSerial global-install 0
880 silly doParallel fetch 16
881 verbose correctMkdir C:\Users\yang\AppData\Roaming\npm-cache\_locks correctMkdir not in flight; initializing
882 verbose lock using C:\Users\yang\AppData\Roaming\npm-cache\_locks\staging-c16ed52b2b129a17.lock for c:\Program Files\nodejs\node_modules\.staging
883 verbose unlock done using C:\Users\yang\AppData\Roaming\npm-cache\_locks\staging-c16ed52b2b129a17.lock for c:\Program Files\nodejs\node_modules\.staging
884 silly rollbackFailedOptional Starting
885 silly rollbackFailedOptional Finishing
886 silly runTopLevelLifecycles Starting
887 silly runTopLevelLifecycles Finishing
888 silly install printInstalled
889 verbose stack Error: EPERM: operation not permitted, mkdir 'c:\Program Files\nodejs\node_modules\.staging'
889 verbose stack     at Error (native)
890 verbose cwd d:\codera-project\Moco.js
891 error Windows_NT 10.0.10240
892 error argv "c:\\Program Files\\nodejs\\node.exe" "c:\\Program Files\\nodejs\\node_modules\\npm\\bin\\npm-cli.js" "install" "-g" "grunt-cli"
893 error node v4.3.1
894 error npm  v3.8.6
895 error path c:\Program Files\nodejs\node_modules\.staging
896 error code EPERM
897 error errno -4048
898 error syscall mkdir
899 error Error: EPERM: operation not permitted, mkdir 'c:\Program Files\nodejs\node_modules\.staging'
899 error     at Error (native)
899 error  { [Error: EPERM: operation not permitted, mkdir 'c:\Program Files\nodejs\node_modules\.staging']
899 error   errno: -4048,
899 error   code: 'EPERM',
899 error   syscall: 'mkdir',
899 error   path: 'c:\\Program Files\\nodejs\\node_modules\\.staging' }
900 error Please try running this command again as root/Administrator.
901 verbose exit [ -4048, true ]
